<?xml version="1.0" encoding="UTF-8"?>
<!-- Generated by org.testng.reporters.JUnitReportReporter -->
<testsuite hostname="Clairvoyant-246" failures="0" tests="3" name="com.magento.prisevalidation.TestCards" time="62.721" errors="0" timestamp="2021-05-25T15:21:47 IST" skipped="0">
  <testcase classname="com.magento.prisevalidation.TestCards" name="foldoverBusinessCards" time="23.609"/>
  <system-out/>
  <testcase classname="com.magento.prisevalidation.TestCards" name="foldoverBusinessCards" time="20.050"/>
  <system-out/>
  <testcase classname="com.magento.prisevalidation.TestCards" name="foldoverBusinessCards" time="19.062"/>
  <system-out/>
</testsuite> <!-- com.magento.prisevalidation.TestCards -->
