<?xml version="1.0" encoding="UTF-8"?>
<!-- Generated by org.testng.reporters.JUnitReportReporter -->
<testsuite hostname="Clairvoyant-246" failures="0" tests="2" name="com.magento.pricevalidation.BusinessCardTest" time="379.561" errors="0" timestamp="2021-06-22T11:46:35 IST" skipped="1">
  <testcase classname="com.magento.pricevalidation.BusinessCardTest" name="standardBusinessCards" time="253.022">
    <skipped/>
  </testcase> <!-- standardBusinessCards -->
  <system-out>
Product : Standard Business Cards Sub Total Price==>$59.70 Sorry, no quotes are available for this order at this time is displayed  </system-out>
  <testcase classname="com.magento.pricevalidation.BusinessCardTest" name="standardBusinessCards" time="126.539"/>
  <system-out>
Product : Standard Business Cards Sub Total Price==>$59.70 Shipping Method dropdown is displayed  </system-out>
</testsuite> <!-- com.magento.pricevalidation.BusinessCardTest -->
