<?xml version="1.0" encoding="UTF-8"?>
<!-- Generated by org.testng.reporters.JUnitReportReporter -->
<testsuite hostname="Clairvoyant-246" failures="0" tests="2" name="com.magento.rough.TestPageInteractive" time="81.877" errors="0" timestamp="2021-06-18T18:12:49 IST" skipped="0">
  <testcase classname="com.magento.rough.TestPageInteractive" name="productPageInteractive" time="42.294"/>
  <system-out>
    <![CDATA[Product : Fold-over Business Cards
WaitTillPageReadyState for Product : Fold-over Business Cards <-----> 1st Timer  : 10512 ms
WaitTillPageReadyState for Product : Fold-over Business Cards <-----> 2nd Timer  : 2413 ms]]>
  </system-out>
  <testcase classname="com.magento.rough.TestPageInteractive" name="productPageInteractive" time="39.583"/>
  <system-out>
    <![CDATA[Product : Packaging Products Samples
WaitTillPageReadyState for Product : Packaging Products Samples <-----> 1st Timer  : 9797 ms
WaitTillPageReadyState for Product : Packaging Products Samples <-----> 2nd Timer  : 1800 ms]]>
  </system-out>
</testsuite> <!-- com.magento.rough.TestPageInteractive -->
