<?xml version="1.0" encoding="UTF-8"?>
<!-- Generated by org.testng.reporters.JUnitReportReporter -->
<testsuite hostname="Clairvoyant-246" failures="0" tests="2" name="com.magento.testScripts.TestPageInteractiveForProducts" time="161.311" errors="0" timestamp="2021-06-25T14:04:52 IST" skipped="0">
  <testcase classname="com.magento.testScripts.TestPageInteractiveForProducts" name="productPageInteractive" time="60.389"/>
  <system-out>
Product : Fold-over Business Cards WaitTillPageReadyState for Product : Fold-over Business Cards <-----> 1st Visit  Timer  : 13133 ms WaitTillPageReadyState for Product : Fold-over Business Cards <-----> 2nd Visit Timer  : 9742 ms  </system-out>
  <testcase classname="com.magento.testScripts.TestPageInteractiveForProducts" name="productPageInteractive" time="100.922"/>
  <system-out>
Product : Leaf Business Cards WaitTillPageReadyState for Product : Leaf Business Cards <-----> 1st Visit  Timer  : 40576 ms WaitTillPageReadyState for Product : Leaf Business Cards <-----> 2nd Visit Timer  : 8968 ms  </system-out>
</testsuite> <!-- com.magento.testScripts.TestPageInteractiveForProducts -->
