<?xml version="1.0" encoding="UTF-8"?>
<!-- Generated by org.testng.reporters.JUnitReportReporter -->
<testsuite hostname="Clairvoyant-246" failures="0" tests="150" name="com.magento.prisevalidation.MarketingProducts" time="1335.813" errors="0" timestamp="2021-06-16T00:38:30 IST" skipped="0">
  <testcase classname="com.magento.prisevalidation.MarketingProducts" name="directMailSellSheets" time="8.666"/>
  <system-out>
    <![CDATA[Sub Total Price==>$68.41]]>
  </system-out>
  <testcase classname="com.magento.prisevalidation.MarketingProducts" name="directMailSellSheets" time="9.111"/>
  <system-out>
    <![CDATA[Sub Total Price==>$68.41]]>
  </system-out>
  <testcase classname="com.magento.prisevalidation.MarketingProducts" name="directMailSellSheets" time="8.709"/>
  <system-out>
    <![CDATA[Sub Total Price==>$68.41]]>
  </system-out>
  <testcase classname="com.magento.prisevalidation.MarketingProducts" name="directMailSellSheets" time="8.681"/>
  <system-out>
    <![CDATA[Sub Total Price==>$68.41]]>
  </system-out>
  <testcase classname="com.magento.prisevalidation.MarketingProducts" name="directMailSellSheets" time="8.876"/>
  <system-out>
    <![CDATA[Sub Total Price==>$68.41]]>
  </system-out>
  <testcase classname="com.magento.prisevalidation.MarketingProducts" name="directMailSellSheets" time="9.062"/>
  <system-out>
    <![CDATA[Sub Total Price==>$68.41]]>
  </system-out>
  <testcase classname="com.magento.prisevalidation.MarketingProducts" name="directMailSellSheets" time="9.056"/>
  <system-out>
    <![CDATA[Sub Total Price==>$68.41]]>
  </system-out>
  <testcase classname="com.magento.prisevalidation.MarketingProducts" name="directMailSellSheets" time="10.590"/>
  <system-out>
    <![CDATA[Sub Total Price==>$68.41]]>
  </system-out>
  <testcase classname="com.magento.prisevalidation.MarketingProducts" name="directMailSellSheets" time="9.482"/>
  <system-out>
    <![CDATA[Sub Total Price==>$68.41]]>
  </system-out>
  <testcase classname="com.magento.prisevalidation.MarketingProducts" name="directMailSellSheets" time="8.631"/>
  <system-out>
    <![CDATA[Sub Total Price==>$68.41]]>
  </system-out>
  <testcase classname="com.magento.prisevalidation.MarketingProducts" name="directMailSellSheets" time="9.155"/>
  <system-out>
    <![CDATA[Sub Total Price==>$68.41]]>
  </system-out>
  <testcase classname="com.magento.prisevalidation.MarketingProducts" name="directMailSellSheets" time="8.664"/>
  <system-out>
    <![CDATA[Sub Total Price==>$68.41]]>
  </system-out>
  <testcase classname="com.magento.prisevalidation.MarketingProducts" name="directMailSellSheets" time="9.224"/>
  <system-out>
    <![CDATA[Sub Total Price==>$68.41]]>
  </system-out>
  <testcase classname="com.magento.prisevalidation.MarketingProducts" name="directMailSellSheets" time="8.757"/>
  <system-out>
    <![CDATA[Sub Total Price==>$68.41]]>
  </system-out>
  <testcase classname="com.magento.prisevalidation.MarketingProducts" name="directMailSellSheets" time="8.726"/>
  <system-out>
    <![CDATA[Sub Total Price==>$68.41]]>
  </system-out>
  <testcase classname="com.magento.prisevalidation.MarketingProducts" name="directMailSellSheets" time="9.116"/>
  <system-out>
    <![CDATA[Sub Total Price==>$68.41]]>
  </system-out>
  <testcase classname="com.magento.prisevalidation.MarketingProducts" name="directMailSellSheets" time="8.603"/>
  <system-out>
    <![CDATA[Sub Total Price==>$68.41]]>
  </system-out>
  <testcase classname="com.magento.prisevalidation.MarketingProducts" name="directMailSellSheets" time="9.013"/>
  <system-out>
    <![CDATA[Sub Total Price==>$68.41]]>
  </system-out>
  <testcase classname="com.magento.prisevalidation.MarketingProducts" name="directMailSellSheets" time="9.124"/>
  <system-out>
    <![CDATA[Sub Total Price==>$68.41]]>
  </system-out>
  <testcase classname="com.magento.prisevalidation.MarketingProducts" name="directMailSellSheets" time="8.727"/>
  <system-out>
    <![CDATA[Sub Total Price==>$68.41]]>
  </system-out>
  <testcase classname="com.magento.prisevalidation.MarketingProducts" name="directMailSellSheets" time="8.876"/>
  <system-out>
    <![CDATA[Sub Total Price==>$68.41]]>
  </system-out>
  <testcase classname="com.magento.prisevalidation.MarketingProducts" name="directMailSellSheets" time="8.855"/>
  <system-out>
    <![CDATA[Sub Total Price==>$68.41]]>
  </system-out>
  <testcase classname="com.magento.prisevalidation.MarketingProducts" name="directMailSellSheets" time="8.663"/>
  <system-out>
    <![CDATA[Sub Total Price==>$68.41]]>
  </system-out>
  <testcase classname="com.magento.prisevalidation.MarketingProducts" name="directMailSellSheets" time="8.794"/>
  <system-out>
    <![CDATA[Sub Total Price==>$68.41]]>
  </system-out>
  <testcase classname="com.magento.prisevalidation.MarketingProducts" name="directMailSellSheets" time="8.914"/>
  <system-out>
    <![CDATA[Sub Total Price==>$68.41]]>
  </system-out>
  <testcase classname="com.magento.prisevalidation.MarketingProducts" name="directMailSellSheets" time="9.105"/>
  <system-out>
    <![CDATA[Sub Total Price==>$68.41]]>
  </system-out>
  <testcase classname="com.magento.prisevalidation.MarketingProducts" name="directMailSellSheets" time="8.795"/>
  <system-out>
    <![CDATA[Sub Total Price==>$68.41]]>
  </system-out>
  <testcase classname="com.magento.prisevalidation.MarketingProducts" name="directMailSellSheets" time="8.816"/>
  <system-out>
    <![CDATA[Sub Total Price==>$68.41]]>
  </system-out>
  <testcase classname="com.magento.prisevalidation.MarketingProducts" name="directMailSellSheets" time="9.238"/>
  <system-out>
    <![CDATA[Sub Total Price==>$68.41]]>
  </system-out>
  <testcase classname="com.magento.prisevalidation.MarketingProducts" name="directMailSellSheets" time="8.662"/>
  <system-out>
    <![CDATA[Sub Total Price==>$68.41]]>
  </system-out>
  <testcase classname="com.magento.prisevalidation.MarketingProducts" name="directMailSellSheets" time="8.453"/>
  <system-out>
    <![CDATA[Sub Total Price==>$68.41]]>
  </system-out>
  <testcase classname="com.magento.prisevalidation.MarketingProducts" name="directMailSellSheets" time="8.990"/>
  <system-out>
    <![CDATA[Sub Total Price==>$68.41]]>
  </system-out>
  <testcase classname="com.magento.prisevalidation.MarketingProducts" name="directMailSellSheets" time="8.924"/>
  <system-out>
    <![CDATA[Sub Total Price==>$68.41]]>
  </system-out>
  <testcase classname="com.magento.prisevalidation.MarketingProducts" name="directMailSellSheets" time="8.944"/>
  <system-out>
    <![CDATA[Sub Total Price==>$68.41]]>
  </system-out>
  <testcase classname="com.magento.prisevalidation.MarketingProducts" name="directMailSellSheets" time="9.313"/>
  <system-out>
    <![CDATA[Sub Total Price==>$68.41]]>
  </system-out>
  <testcase classname="com.magento.prisevalidation.MarketingProducts" name="directMailSellSheets" time="8.938"/>
  <system-out>
    <![CDATA[Sub Total Price==>$68.41]]>
  </system-out>
  <testcase classname="com.magento.prisevalidation.MarketingProducts" name="directMailSellSheets" time="8.675"/>
  <system-out>
    <![CDATA[Sub Total Price==>$68.41]]>
  </system-out>
  <testcase classname="com.magento.prisevalidation.MarketingProducts" name="directMailSellSheets" time="9.223"/>
  <system-out>
    <![CDATA[Sub Total Price==>$68.41]]>
  </system-out>
  <testcase classname="com.magento.prisevalidation.MarketingProducts" name="directMailSellSheets" time="9.024"/>
  <system-out>
    <![CDATA[Sub Total Price==>$68.41]]>
  </system-out>
  <testcase classname="com.magento.prisevalidation.MarketingProducts" name="directMailSellSheets" time="8.795"/>
  <system-out>
    <![CDATA[Sub Total Price==>$68.41]]>
  </system-out>
  <testcase classname="com.magento.prisevalidation.MarketingProducts" name="directMailSellSheets" time="8.814"/>
  <system-out>
    <![CDATA[Sub Total Price==>$68.41]]>
  </system-out>
  <testcase classname="com.magento.prisevalidation.MarketingProducts" name="directMailSellSheets" time="8.936"/>
  <system-out>
    <![CDATA[Sub Total Price==>$68.41]]>
  </system-out>
  <testcase classname="com.magento.prisevalidation.MarketingProducts" name="directMailSellSheets" time="8.985"/>
  <system-out>
    <![CDATA[Sub Total Price==>$68.41]]>
  </system-out>
  <testcase classname="com.magento.prisevalidation.MarketingProducts" name="directMailSellSheets" time="8.697"/>
  <system-out>
    <![CDATA[Sub Total Price==>$68.41]]>
  </system-out>
  <testcase classname="com.magento.prisevalidation.MarketingProducts" name="directMailSellSheets" time="8.760"/>
  <system-out>
    <![CDATA[Sub Total Price==>$68.41]]>
  </system-out>
  <testcase classname="com.magento.prisevalidation.MarketingProducts" name="directMailSellSheets" time="9.029"/>
  <system-out>
    <![CDATA[Sub Total Price==>$68.41]]>
  </system-out>
  <testcase classname="com.magento.prisevalidation.MarketingProducts" name="directMailSellSheets" time="8.732"/>
  <system-out>
    <![CDATA[Sub Total Price==>$68.41]]>
  </system-out>
  <testcase classname="com.magento.prisevalidation.MarketingProducts" name="directMailSellSheets" time="8.777"/>
  <system-out>
    <![CDATA[Sub Total Price==>$68.41]]>
  </system-out>
  <testcase classname="com.magento.prisevalidation.MarketingProducts" name="directMailSellSheets" time="8.693"/>
  <system-out>
    <![CDATA[Sub Total Price==>$68.41]]>
  </system-out>
  <testcase classname="com.magento.prisevalidation.MarketingProducts" name="directMailSellSheets" time="9.349"/>
  <system-out>
    <![CDATA[Sub Total Price==>$68.41]]>
  </system-out>
  <testcase classname="com.magento.prisevalidation.MarketingProducts" name="directMailSellSheets" time="9.330"/>
  <system-out>
    <![CDATA[Sub Total Price==>$68.41]]>
  </system-out>
  <testcase classname="com.magento.prisevalidation.MarketingProducts" name="directMailSellSheets" time="8.517"/>
  <system-out>
    <![CDATA[Sub Total Price==>$68.41]]>
  </system-out>
  <testcase classname="com.magento.prisevalidation.MarketingProducts" name="directMailSellSheets" time="8.915"/>
  <system-out>
    <![CDATA[Sub Total Price==>$68.41]]>
  </system-out>
  <testcase classname="com.magento.prisevalidation.MarketingProducts" name="directMailSellSheets" time="8.775"/>
  <system-out>
    <![CDATA[Sub Total Price==>$68.41]]>
  </system-out>
  <testcase classname="com.magento.prisevalidation.MarketingProducts" name="directMailSellSheets" time="8.890"/>
  <system-out>
    <![CDATA[Sub Total Price==>$68.41]]>
  </system-out>
  <testcase classname="com.magento.prisevalidation.MarketingProducts" name="directMailSellSheets" time="8.877"/>
  <system-out>
    <![CDATA[Sub Total Price==>$68.41]]>
  </system-out>
  <testcase classname="com.magento.prisevalidation.MarketingProducts" name="directMailSellSheets" time="9.056"/>
  <system-out>
    <![CDATA[Sub Total Price==>$68.41]]>
  </system-out>
  <testcase classname="com.magento.prisevalidation.MarketingProducts" name="directMailSellSheets" time="8.875"/>
  <system-out>
    <![CDATA[Sub Total Price==>$68.41]]>
  </system-out>
  <testcase classname="com.magento.prisevalidation.MarketingProducts" name="directMailSellSheets" time="8.976"/>
  <system-out>
    <![CDATA[Sub Total Price==>$68.41]]>
  </system-out>
  <testcase classname="com.magento.prisevalidation.MarketingProducts" name="directMailSellSheets" time="8.931"/>
  <system-out>
    <![CDATA[Sub Total Price==>$68.41]]>
  </system-out>
  <testcase classname="com.magento.prisevalidation.MarketingProducts" name="directMailSellSheets" time="9.181"/>
  <system-out>
    <![CDATA[Sub Total Price==>$68.41]]>
  </system-out>
  <testcase classname="com.magento.prisevalidation.MarketingProducts" name="directMailSellSheets" time="9.212"/>
  <system-out>
    <![CDATA[Sub Total Price==>$68.41]]>
  </system-out>
  <testcase classname="com.magento.prisevalidation.MarketingProducts" name="directMailSellSheets" time="8.989"/>
  <system-out>
    <![CDATA[Sub Total Price==>$68.41]]>
  </system-out>
  <testcase classname="com.magento.prisevalidation.MarketingProducts" name="directMailSellSheets" time="8.923"/>
  <system-out>
    <![CDATA[Sub Total Price==>$68.41]]>
  </system-out>
  <testcase classname="com.magento.prisevalidation.MarketingProducts" name="directMailSellSheets" time="9.272"/>
  <system-out>
    <![CDATA[Sub Total Price==>$68.41]]>
  </system-out>
  <testcase classname="com.magento.prisevalidation.MarketingProducts" name="directMailSellSheets" time="8.959"/>
  <system-out>
    <![CDATA[Sub Total Price==>$68.41]]>
  </system-out>
  <testcase classname="com.magento.prisevalidation.MarketingProducts" name="directMailSellSheets" time="9.146"/>
  <system-out>
    <![CDATA[Sub Total Price==>$68.41]]>
  </system-out>
  <testcase classname="com.magento.prisevalidation.MarketingProducts" name="directMailSellSheets" time="8.802"/>
  <system-out>
    <![CDATA[Sub Total Price==>$68.41]]>
  </system-out>
  <testcase classname="com.magento.prisevalidation.MarketingProducts" name="directMailSellSheets" time="8.529"/>
  <system-out>
    <![CDATA[Sub Total Price==>$68.41]]>
  </system-out>
  <testcase classname="com.magento.prisevalidation.MarketingProducts" name="directMailSellSheets" time="8.765"/>
  <system-out>
    <![CDATA[Sub Total Price==>$68.41]]>
  </system-out>
  <testcase classname="com.magento.prisevalidation.MarketingProducts" name="directMailSellSheets" time="8.854"/>
  <system-out>
    <![CDATA[Sub Total Price==>$68.41]]>
  </system-out>
  <testcase classname="com.magento.prisevalidation.MarketingProducts" name="directMailSellSheets" time="8.816"/>
  <system-out>
    <![CDATA[Sub Total Price==>$68.41]]>
  </system-out>
  <testcase classname="com.magento.prisevalidation.MarketingProducts" name="directMailSellSheets" time="9.446"/>
  <system-out>
    <![CDATA[Sub Total Price==>$68.41]]>
  </system-out>
  <testcase classname="com.magento.prisevalidation.MarketingProducts" name="directMailSellSheets" time="8.775"/>
  <system-out>
    <![CDATA[Sub Total Price==>$68.41]]>
  </system-out>
  <testcase classname="com.magento.prisevalidation.MarketingProducts" name="directMailSellSheets" time="8.956"/>
  <system-out>
    <![CDATA[Sub Total Price==>$68.41]]>
  </system-out>
  <testcase classname="com.magento.prisevalidation.MarketingProducts" name="directMailSellSheets" time="8.742"/>
  <system-out>
    <![CDATA[Sub Total Price==>$68.41]]>
  </system-out>
  <testcase classname="com.magento.prisevalidation.MarketingProducts" name="directMailSellSheets" time="9.275"/>
  <system-out>
    <![CDATA[Sub Total Price==>$68.41]]>
  </system-out>
  <testcase classname="com.magento.prisevalidation.MarketingProducts" name="directMailSellSheets" time="8.697"/>
  <system-out>
    <![CDATA[Sub Total Price==>$68.41]]>
  </system-out>
  <testcase classname="com.magento.prisevalidation.MarketingProducts" name="directMailSellSheets" time="8.447"/>
  <system-out>
    <![CDATA[Sub Total Price==>$68.41]]>
  </system-out>
  <testcase classname="com.magento.prisevalidation.MarketingProducts" name="directMailSellSheets" time="9.270"/>
  <system-out>
    <![CDATA[Sub Total Price==>$68.41]]>
  </system-out>
  <testcase classname="com.magento.prisevalidation.MarketingProducts" name="directMailSellSheets" time="9.193"/>
  <system-out>
    <![CDATA[Sub Total Price==>$68.41]]>
  </system-out>
  <testcase classname="com.magento.prisevalidation.MarketingProducts" name="directMailSellSheets" time="9.164"/>
  <system-out>
    <![CDATA[Sub Total Price==>$68.41]]>
  </system-out>
  <testcase classname="com.magento.prisevalidation.MarketingProducts" name="directMailSellSheets" time="8.780"/>
  <system-out>
    <![CDATA[Sub Total Price==>$68.41]]>
  </system-out>
  <testcase classname="com.magento.prisevalidation.MarketingProducts" name="directMailSellSheets" time="9.287"/>
  <system-out>
    <![CDATA[Sub Total Price==>$68.41]]>
  </system-out>
  <testcase classname="com.magento.prisevalidation.MarketingProducts" name="directMailSellSheets" time="8.473"/>
  <system-out>
    <![CDATA[Sub Total Price==>$68.41]]>
  </system-out>
  <testcase classname="com.magento.prisevalidation.MarketingProducts" name="directMailSellSheets" time="9.039"/>
  <system-out>
    <![CDATA[Sub Total Price==>$68.41]]>
  </system-out>
  <testcase classname="com.magento.prisevalidation.MarketingProducts" name="directMailSellSheets" time="8.676"/>
  <system-out>
    <![CDATA[Sub Total Price==>$68.41]]>
  </system-out>
  <testcase classname="com.magento.prisevalidation.MarketingProducts" name="directMailSellSheets" time="9.077"/>
  <system-out>
    <![CDATA[Sub Total Price==>$68.41]]>
  </system-out>
  <testcase classname="com.magento.prisevalidation.MarketingProducts" name="directMailSellSheets" time="8.843"/>
  <system-out>
    <![CDATA[Sub Total Price==>$68.41]]>
  </system-out>
  <testcase classname="com.magento.prisevalidation.MarketingProducts" name="directMailSellSheets" time="9.096"/>
  <system-out>
    <![CDATA[Sub Total Price==>$68.41]]>
  </system-out>
  <testcase classname="com.magento.prisevalidation.MarketingProducts" name="directMailSellSheets" time="8.795"/>
  <system-out>
    <![CDATA[Sub Total Price==>$68.41]]>
  </system-out>
  <testcase classname="com.magento.prisevalidation.MarketingProducts" name="directMailSellSheets" time="8.887"/>
  <system-out>
    <![CDATA[Sub Total Price==>$68.41]]>
  </system-out>
  <testcase classname="com.magento.prisevalidation.MarketingProducts" name="directMailSellSheets" time="9.428"/>
  <system-out>
    <![CDATA[Sub Total Price==>$68.41]]>
  </system-out>
  <testcase classname="com.magento.prisevalidation.MarketingProducts" name="directMailSellSheets" time="8.692"/>
  <system-out>
    <![CDATA[Sub Total Price==>$68.41]]>
  </system-out>
  <testcase classname="com.magento.prisevalidation.MarketingProducts" name="directMailSellSheets" time="9.115"/>
  <system-out>
    <![CDATA[Sub Total Price==>$68.41]]>
  </system-out>
  <testcase classname="com.magento.prisevalidation.MarketingProducts" name="directMailSellSheets" time="8.643"/>
  <system-out>
    <![CDATA[Sub Total Price==>$68.41]]>
  </system-out>
  <testcase classname="com.magento.prisevalidation.MarketingProducts" name="directMailSellSheets" time="8.909"/>
  <system-out>
    <![CDATA[Sub Total Price==>$68.41]]>
  </system-out>
  <testcase classname="com.magento.prisevalidation.MarketingProducts" name="directMailSellSheets" time="8.737"/>
  <system-out>
    <![CDATA[Sub Total Price==>$68.41]]>
  </system-out>
  <testcase classname="com.magento.prisevalidation.MarketingProducts" name="directMailSellSheets" time="9.009"/>
  <system-out>
    <![CDATA[Sub Total Price==>$68.41]]>
  </system-out>
  <testcase classname="com.magento.prisevalidation.MarketingProducts" name="directMailSellSheets" time="9.023"/>
  <system-out>
    <![CDATA[Sub Total Price==>$68.41]]>
  </system-out>
  <testcase classname="com.magento.prisevalidation.MarketingProducts" name="directMailSellSheets" time="8.881"/>
  <system-out>
    <![CDATA[Sub Total Price==>$68.41]]>
  </system-out>
  <testcase classname="com.magento.prisevalidation.MarketingProducts" name="directMailSellSheets" time="8.794"/>
  <system-out>
    <![CDATA[Sub Total Price==>$68.41]]>
  </system-out>
  <testcase classname="com.magento.prisevalidation.MarketingProducts" name="directMailSellSheets" time="8.606"/>
  <system-out>
    <![CDATA[Sub Total Price==>$68.41]]>
  </system-out>
  <testcase classname="com.magento.prisevalidation.MarketingProducts" name="directMailSellSheets" time="9.165"/>
  <system-out>
    <![CDATA[Sub Total Price==>$68.41]]>
  </system-out>
  <testcase classname="com.magento.prisevalidation.MarketingProducts" name="directMailSellSheets" time="8.565"/>
  <system-out>
    <![CDATA[Sub Total Price==>$68.41]]>
  </system-out>
  <testcase classname="com.magento.prisevalidation.MarketingProducts" name="directMailSellSheets" time="8.985"/>
  <system-out>
    <![CDATA[Sub Total Price==>$68.41]]>
  </system-out>
  <testcase classname="com.magento.prisevalidation.MarketingProducts" name="directMailSellSheets" time="8.727"/>
  <system-out>
    <![CDATA[Sub Total Price==>$68.41]]>
  </system-out>
  <testcase classname="com.magento.prisevalidation.MarketingProducts" name="directMailSellSheets" time="8.800"/>
  <system-out>
    <![CDATA[Sub Total Price==>$68.41]]>
  </system-out>
  <testcase classname="com.magento.prisevalidation.MarketingProducts" name="directMailSellSheets" time="8.680"/>
  <system-out>
    <![CDATA[Sub Total Price==>$68.41]]>
  </system-out>
  <testcase classname="com.magento.prisevalidation.MarketingProducts" name="directMailSellSheets" time="8.410"/>
  <system-out>
    <![CDATA[Sub Total Price==>$68.41]]>
  </system-out>
  <testcase classname="com.magento.prisevalidation.MarketingProducts" name="directMailSellSheets" time="8.760"/>
  <system-out>
    <![CDATA[Sub Total Price==>$68.41]]>
  </system-out>
  <testcase classname="com.magento.prisevalidation.MarketingProducts" name="directMailSellSheets" time="8.643"/>
  <system-out>
    <![CDATA[Sub Total Price==>$68.41]]>
  </system-out>
  <testcase classname="com.magento.prisevalidation.MarketingProducts" name="directMailSellSheets" time="9.089"/>
  <system-out>
    <![CDATA[Sub Total Price==>$68.41]]>
  </system-out>
  <testcase classname="com.magento.prisevalidation.MarketingProducts" name="directMailSellSheets" time="8.790"/>
  <system-out>
    <![CDATA[Sub Total Price==>$68.41]]>
  </system-out>
  <testcase classname="com.magento.prisevalidation.MarketingProducts" name="directMailSellSheets" time="8.759"/>
  <system-out>
    <![CDATA[Sub Total Price==>$68.41]]>
  </system-out>
  <testcase classname="com.magento.prisevalidation.MarketingProducts" name="directMailSellSheets" time="8.747"/>
  <system-out>
    <![CDATA[Sub Total Price==>$68.41]]>
  </system-out>
  <testcase classname="com.magento.prisevalidation.MarketingProducts" name="directMailSellSheets" time="9.324"/>
  <system-out>
    <![CDATA[Sub Total Price==>$68.41]]>
  </system-out>
  <testcase classname="com.magento.prisevalidation.MarketingProducts" name="directMailSellSheets" time="9.092"/>
  <system-out>
    <![CDATA[Sub Total Price==>$68.41]]>
  </system-out>
  <testcase classname="com.magento.prisevalidation.MarketingProducts" name="directMailSellSheets" time="9.059"/>
  <system-out>
    <![CDATA[Sub Total Price==>$68.41]]>
  </system-out>
  <testcase classname="com.magento.prisevalidation.MarketingProducts" name="directMailSellSheets" time="8.706"/>
  <system-out>
    <![CDATA[Sub Total Price==>$68.41]]>
  </system-out>
  <testcase classname="com.magento.prisevalidation.MarketingProducts" name="directMailSellSheets" time="8.594"/>
  <system-out>
    <![CDATA[Sub Total Price==>$68.41]]>
  </system-out>
  <testcase classname="com.magento.prisevalidation.MarketingProducts" name="directMailSellSheets" time="8.801"/>
  <system-out>
    <![CDATA[Sub Total Price==>$68.41]]>
  </system-out>
  <testcase classname="com.magento.prisevalidation.MarketingProducts" name="directMailSellSheets" time="8.779"/>
  <system-out>
    <![CDATA[Sub Total Price==>$68.41]]>
  </system-out>
  <testcase classname="com.magento.prisevalidation.MarketingProducts" name="directMailSellSheets" time="8.662"/>
  <system-out>
    <![CDATA[Sub Total Price==>$68.41]]>
  </system-out>
  <testcase classname="com.magento.prisevalidation.MarketingProducts" name="directMailSellSheets" time="9.258"/>
  <system-out>
    <![CDATA[Sub Total Price==>$68.41]]>
  </system-out>
  <testcase classname="com.magento.prisevalidation.MarketingProducts" name="directMailSellSheets" time="9.199"/>
  <system-out>
    <![CDATA[Sub Total Price==>$68.41]]>
  </system-out>
  <testcase classname="com.magento.prisevalidation.MarketingProducts" name="directMailSellSheets" time="9.319"/>
  <system-out>
    <![CDATA[Sub Total Price==>$68.41]]>
  </system-out>
  <testcase classname="com.magento.prisevalidation.MarketingProducts" name="directMailSellSheets" time="8.626"/>
  <system-out>
    <![CDATA[Sub Total Price==>$68.41]]>
  </system-out>
  <testcase classname="com.magento.prisevalidation.MarketingProducts" name="directMailSellSheets" time="8.991"/>
  <system-out>
    <![CDATA[Sub Total Price==>$68.41]]>
  </system-out>
  <testcase classname="com.magento.prisevalidation.MarketingProducts" name="directMailSellSheets" time="8.966"/>
  <system-out>
    <![CDATA[Sub Total Price==>$68.41]]>
  </system-out>
  <testcase classname="com.magento.prisevalidation.MarketingProducts" name="directMailSellSheets" time="8.530"/>
  <system-out>
    <![CDATA[Sub Total Price==>$68.41]]>
  </system-out>
  <testcase classname="com.magento.prisevalidation.MarketingProducts" name="directMailSellSheets" time="8.798"/>
  <system-out>
    <![CDATA[Sub Total Price==>$68.41]]>
  </system-out>
  <testcase classname="com.magento.prisevalidation.MarketingProducts" name="directMailSellSheets" time="9.220"/>
  <system-out>
    <![CDATA[Sub Total Price==>$68.41]]>
  </system-out>
  <testcase classname="com.magento.prisevalidation.MarketingProducts" name="directMailSellSheets" time="8.778"/>
  <system-out>
    <![CDATA[Sub Total Price==>$68.41]]>
  </system-out>
  <testcase classname="com.magento.prisevalidation.MarketingProducts" name="directMailSellSheets" time="8.846"/>
  <system-out>
    <![CDATA[Sub Total Price==>$68.41]]>
  </system-out>
  <testcase classname="com.magento.prisevalidation.MarketingProducts" name="directMailSellSheets" time="9.022"/>
  <system-out>
    <![CDATA[Sub Total Price==>$68.41]]>
  </system-out>
  <testcase classname="com.magento.prisevalidation.MarketingProducts" name="directMailSellSheets" time="8.687"/>
  <system-out>
    <![CDATA[Sub Total Price==>$68.41]]>
  </system-out>
  <testcase classname="com.magento.prisevalidation.MarketingProducts" name="directMailSellSheets" time="8.561"/>
  <system-out>
    <![CDATA[Sub Total Price==>$68.41]]>
  </system-out>
  <testcase classname="com.magento.prisevalidation.MarketingProducts" name="directMailSellSheets" time="8.682"/>
  <system-out>
    <![CDATA[Sub Total Price==>$68.41]]>
  </system-out>
  <testcase classname="com.magento.prisevalidation.MarketingProducts" name="directMailSellSheets" time="9.013"/>
  <system-out>
    <![CDATA[Sub Total Price==>$68.41]]>
  </system-out>
  <testcase classname="com.magento.prisevalidation.MarketingProducts" name="directMailSellSheets" time="9.333"/>
  <system-out>
    <![CDATA[Sub Total Price==>$68.41]]>
  </system-out>
  <testcase classname="com.magento.prisevalidation.MarketingProducts" name="directMailSellSheets" time="8.850"/>
  <system-out>
    <![CDATA[Sub Total Price==>$68.41]]>
  </system-out>
  <testcase classname="com.magento.prisevalidation.MarketingProducts" name="directMailSellSheets" time="8.676"/>
  <system-out>
    <![CDATA[Sub Total Price==>$68.41]]>
  </system-out>
  <testcase classname="com.magento.prisevalidation.MarketingProducts" name="directMailSellSheets" time="8.728"/>
  <system-out>
    <![CDATA[Sub Total Price==>$68.41]]>
  </system-out>
  <testcase classname="com.magento.prisevalidation.MarketingProducts" name="directMailSellSheets" time="8.556"/>
  <system-out>
    <![CDATA[Sub Total Price==>$68.41]]>
  </system-out>
  <testcase classname="com.magento.prisevalidation.MarketingProducts" name="directMailSellSheets" time="8.767"/>
  <system-out>
    <![CDATA[Sub Total Price==>$68.41]]>
  </system-out>
  <testcase classname="com.magento.prisevalidation.MarketingProducts" name="directMailSellSheets" time="8.676"/>
  <system-out>
    <![CDATA[Sub Total Price==>$68.41]]>
  </system-out>
  <testcase classname="com.magento.prisevalidation.MarketingProducts" name="directMailSellSheets" time="8.585"/>
  <system-out>
    <![CDATA[Sub Total Price==>$68.41]]>
  </system-out>
  <testcase classname="com.magento.prisevalidation.MarketingProducts" name="directMailSellSheets" time="8.711"/>
  <system-out>
    <![CDATA[Sub Total Price==>$68.41]]>
  </system-out>
  <testcase classname="com.magento.prisevalidation.MarketingProducts" name="directMailSellSheets" time="9.211"/>
  <system-out>
    <![CDATA[Sub Total Price==>$68.41]]>
  </system-out>
</testsuite> <!-- com.magento.prisevalidation.MarketingProducts -->
