<?xml version="1.0" encoding="UTF-8"?>
<!-- Generated by org.testng.reporters.JUnitReportReporter -->
<testsuite hostname="Clairvoyant-246" failures="0" tests="1" name="com.magento.rough.BusinessCardTest" time="10.610" errors="0" timestamp="2021-05-24T10:28:31 IST" skipped="0">
  <testcase classname="com.magento.rough.BusinessCardTest" name="foldoverBusinessCards" time="10.610"/>
  <system-out/>
</testsuite> <!-- com.magento.rough.BusinessCardTest -->
