<?xml version="1.0" encoding="UTF-8"?>
<!-- Generated by org.testng.reporters.JUnitReportReporter -->
<testsuite hostname="Clairvoyant-246" failures="0" tests="2" name="com.magento.pricevalidation.MarketingProducts" time="26.779" errors="0" timestamp="2021-06-16T18:14:56 IST" skipped="0">
  <testcase classname="com.magento.pricevalidation.MarketingProducts" name="directMailSellSheets" time="15.912"/>
  <system-out>
    <![CDATA[Sub Total Price==>$68.41]]>
  </system-out>
  <testcase classname="com.magento.pricevalidation.MarketingProducts" name="directMailSellSheets" time="10.867"/>
  <system-out>
    <![CDATA[Sub Total Price==>$68.41]]>
  </system-out>
</testsuite> <!-- com.magento.pricevalidation.MarketingProducts -->
