<?xml version="1.0" encoding="UTF-8"?>
<!-- Generated by org.testng.reporters.JUnitReportReporter -->
<testsuite hostname="Clairvoyant-246" failures="0" tests="2" name="com.magento.prisevalidation.BusinessCardTest" time="97.692" errors="0" timestamp="2021-06-16T09:57:19 IST" skipped="0">
  <testcase classname="com.magento.prisevalidation.BusinessCardTest" name="standardBusinessCards" time="79.949"/>
  <system-out>
    <![CDATA[Sub Total Price==>$44.52
Shipping Method dropdown is displayed]]>
  </system-out>
  <testcase classname="com.magento.prisevalidation.BusinessCardTest" name="lowPriseBusinessCards" time="17.743"/>
  <system-out>
    <![CDATA[Sub Total Price==>$13.03
Shipping Method dropdown is displayed]]>
  </system-out>
</testsuite> <!-- com.magento.prisevalidation.BusinessCardTest -->
