<?xml version="1.0" encoding="UTF-8"?>
<!-- Generated by org.testng.reporters.JUnitReportReporter -->
<testsuite hostname="Clairvoyant-246" failures="0" tests="1" name="com.magento.rough.Test2" time="18.266" errors="0" timestamp="2021-06-24T15:20:59 IST" skipped="0">
  <testcase classname="com.magento.rough.Test2" name="testForLogin" time="18.266"/>
  <system-out/>
</testsuite> <!-- com.magento.rough.Test2 -->
