<?xml version="1.0" encoding="UTF-8"?>
<!-- Generated by org.testng.reporters.JUnitReportReporter -->
<testsuite hostname="Clairvoyant-246" failures="0" tests="1" name="com.magento.rough.WriteToExcelForLowPrise" time="275.069" errors="0" timestamp="2021-06-09T09:53:46 IST" skipped="0">
  <testcase classname="com.magento.rough.WriteToExcelForLowPrise" name="readPDPOptionsAndWriteToExcel" time="275.069"/>
  <system-out/>
</testsuite> <!-- com.magento.rough.WriteToExcelForLowPrise -->
