<?xml version="1.0" encoding="UTF-8"?>
<!-- Generated by org.testng.reporters.JUnitReportReporter -->
<testsuite hostname="Clairvoyant-246" failures="0" tests="1" name="com.magento.rough.Test1" time="25.376" errors="0" timestamp="2021-06-24T15:24:18 IST" skipped="0">
  <testcase classname="com.magento.rough.Test1" name="testEdit" time="25.376"/>
  <system-out/>
</testsuite> <!-- com.magento.rough.Test1 -->
