<?xml version="1.0" encoding="UTF-8"?>
<!-- Generated by org.testng.reporters.JUnitReportReporter -->
<testsuite hostname="Clairvoyant-246" failures="0" tests="1" name="com.magento.rough.EndToEndFlowWithArtwork" time="202.367" errors="0" timestamp="2021-06-24T16:54:22 IST" skipped="0">
  <testcase classname="com.magento.rough.EndToEndFlowWithArtwork" name="foldoverBusinessCards" time="202.367"/>
  <system-out>
Product : foldoverBusinessCards Sub Total Price==>$110.70  </system-out>
</testsuite> <!-- com.magento.rough.EndToEndFlowWithArtwork -->
