<?xml version="1.0" encoding="UTF-8"?>
<!-- Generated by org.testng.reporters.JUnitReportReporter -->
<testsuite hostname="Clairvoyant-246" failures="0" tests="1" name="com.magento.rough.EndToEndFlow" time="120.693" errors="0" timestamp="2021-06-24T10:01:20 IST" skipped="0">
  <testcase classname="com.magento.rough.EndToEndFlow" name="foldoverBusinessCards" time="120.693"/>
  <system-out>
Product : foldoverBusinessCards Sub Total Price==>$110.70  </system-out>
</testsuite> <!-- com.magento.rough.EndToEndFlow -->
