<?xml version="1.0" encoding="UTF-8"?>
<!-- Generated by org.testng.reporters.JUnitReportReporter -->
<testsuite hostname="Clairvoyant-246" failures="6" tests="300" name="com.magento.rough.TestPageInteractiveForProducts" time="14700.800" errors="0" timestamp="2021-06-25T02:45:19 IST" skipped="0">
  <testcase classname="com.magento.rough.TestPageInteractiveForProducts" name="productPageInteractive" time="42.808"/>
  <system-out>
Product : Suede Announcement Cards WaitTillPageReadyState for Product : Suede Announcement Cards <-----> 1st Visit  Timer  : 12610 ms WaitTillPageReadyState for Product : Suede Announcement Cards <-----> 2nd Visit Timer  : 2249 ms  </system-out>
  <testcase classname="com.magento.rough.TestPageInteractiveForProducts" name="productPageInteractive" time="46.075"/>
  <system-out>
Product : Silk Trading Cards WaitTillPageReadyState for Product : Silk Trading Cards <-----> 1st Visit  Timer  : 11506 ms WaitTillPageReadyState for Product : Silk Trading Cards <-----> 2nd Visit Timer  : 2306 ms  </system-out>
  <testcase classname="com.magento.rough.TestPageInteractiveForProducts" name="productPageInteractive" time="44.253"/>
  <system-out>
Product : Vinyl Floor Graphics WaitTillPageReadyState for Product : Vinyl Floor Graphics <-----> 1st Visit  Timer  : 10748 ms WaitTillPageReadyState for Product : Vinyl Floor Graphics <-----> 2nd Visit Timer  : 1988 ms  </system-out>
  <testcase classname="com.magento.rough.TestPageInteractiveForProducts" name="productPageInteractive" time="67.184"/>
  <system-out>
Product : Round Corner Stickers WaitTillPageReadyState for Product : Round Corner Stickers <-----> 1st Visit  Timer  : 18106 ms WaitTillPageReadyState for Product : Round Corner Stickers <-----> 2nd Visit Timer  : 3755 ms  </system-out>
  <testcase classname="com.magento.rough.TestPageInteractiveForProducts" name="productPageInteractive" time="41.360"/>
  <system-out>
Product : Bottleneck Hang Tags WaitTillPageReadyState for Product : Bottleneck Hang Tags <-----> 1st Visit  Timer  : 11412 ms WaitTillPageReadyState for Product : Bottleneck Hang Tags <-----> 2nd Visit Timer  : 2882 ms  </system-out>
  <testcase classname="com.magento.rough.TestPageInteractiveForProducts" name="productPageInteractive" time="49.430"/>
  <system-out>
Product : Akuafoil Cube Boxes WaitTillPageReadyState for Product : Akuafoil Cube Boxes <-----> 1st Visit  Timer  : 11591 ms WaitTillPageReadyState for Product : Akuafoil Cube Boxes <-----> 2nd Visit Timer  : 1759 ms  </system-out>
  <testcase classname="com.magento.rough.TestPageInteractiveForProducts" name="productPageInteractive" time="43.966"/>
  <system-out>
Product : Akuafoil Wine Boxes WaitTillPageReadyState for Product : Akuafoil Wine Boxes <-----> 1st Visit  Timer  : 8951 ms WaitTillPageReadyState for Product : Akuafoil Wine Boxes <-----> 2nd Visit Timer  : 2329 ms  </system-out>
  <testcase classname="com.magento.rough.TestPageInteractiveForProducts" name="productPageInteractive" time="46.329"/>
  <system-out>
Product : 4x6 Table Tent WaitTillPageReadyState for Product : 4x6 Table Tent <-----> 1st Visit  Timer  : 12461 ms WaitTillPageReadyState for Product : 4x6 Table Tent <-----> 2nd Visit Timer  : 2132 ms  </system-out>
  <testcase classname="com.magento.rough.TestPageInteractiveForProducts" name="productPageInteractive" time="44.336"/>
  <system-out>
Product : Premium Opaque Letterheads WaitTillPageReadyState for Product : Premium Opaque Letterheads <-----> 1st Visit  Timer  : 11642 ms WaitTillPageReadyState for Product : Premium Opaque Letterheads <-----> 2nd Visit Timer  : 2515 ms  </system-out>
  <testcase classname="com.magento.rough.TestPageInteractiveForProducts" name="productPageInteractive" time="41.564"/>
  <system-out>
Product : 3-part Forms w Variable Numbering WaitTillPageReadyState for Product : 3-part Forms w Variable Numbering <-----> 1st Visit  Timer  : 11072 ms WaitTillPageReadyState for Product : 3-part Forms w Variable Numbering <-----> 2nd Visit Timer  : 2795 ms  </system-out>
  <testcase classname="com.magento.rough.TestPageInteractiveForProducts" name="productPageInteractive" time="49.005"/>
  <system-out>
Product : Car Door Magnets  WaitTillPageReadyState for Product : Car Door Magnets  <-----> 1st Visit  Timer  : 10100 ms WaitTillPageReadyState for Product : Car Door Magnets  <-----> 2nd Visit Timer  : 1954 ms  </system-out>
  <testcase classname="com.magento.rough.TestPageInteractiveForProducts" name="productPageInteractive" time="51.194"/>
  <system-out>
Product : Natural Presentation Folder WaitTillPageReadyState for Product : Natural Presentation Folder <-----> 1st Visit  Timer  : 10657 ms WaitTillPageReadyState for Product : Natural Presentation Folder <-----> 2nd Visit Timer  : 1914 ms  </system-out>
  <testcase classname="com.magento.rough.TestPageInteractiveForProducts" name="productPageInteractive" time="48.272"/>
  <system-out>
Product : Black Edge Trading Cards WaitTillPageReadyState for Product : Black Edge Trading Cards <-----> 1st Visit  Timer  : 12102 ms WaitTillPageReadyState for Product : Black Edge Trading Cards <-----> 2nd Visit Timer  : 2876 ms  </system-out>
  <testcase classname="com.magento.rough.TestPageInteractiveForProducts" name="productPageInteractive" time="52.215"/>
  <system-out>
Product : 100LB Glosscover Postcards WaitTillPageReadyState for Product : 100LB Glosscover Postcards <-----> 1st Visit  Timer  : 12460 ms WaitTillPageReadyState for Product : 100LB Glosscover Postcards <-----> 2nd Visit Timer  : 2832 ms  </system-out>
  <testcase classname="com.magento.rough.TestPageInteractiveForProducts" name="productPageInteractive" time="48.082"/>
  <system-out>
Product : Foil Worx Social Cards  WaitTillPageReadyState for Product : Foil Worx Social Cards  <-----> 1st Visit  Timer  : 11548 ms WaitTillPageReadyState for Product : Foil Worx Social Cards  <-----> 2nd Visit Timer  : 2426 ms  </system-out>
  <testcase classname="com.magento.rough.TestPageInteractiveForProducts" name="productPageInteractive" time="41.251"/>
  <system-out>
Product : Direct Mail Booklets WaitTillPageReadyState for Product : Direct Mail Booklets <-----> 1st Visit  Timer  : 10780 ms WaitTillPageReadyState for Product : Direct Mail Booklets <-----> 2nd Visit Timer  : 1316 ms  </system-out>
  <testcase classname="com.magento.rough.TestPageInteractiveForProducts" name="productPageInteractive" time="54.859"/>
  <system-out>
Product : Natural Announcement Cards WaitTillPageReadyState for Product : Natural Announcement Cards <-----> 1st Visit  Timer  : 12510 ms WaitTillPageReadyState for Product : Natural Announcement Cards <-----> 2nd Visit Timer  : 2226 ms  </system-out>
  <testcase classname="com.magento.rough.TestPageInteractiveForProducts" name="productPageInteractive" time="52.723"/>
  <system-out>
Product : Akuafoil Roll End Tuck Boxes WaitTillPageReadyState for Product : Akuafoil Roll End Tuck Boxes <-----> 1st Visit  Timer  : 11323 ms WaitTillPageReadyState for Product : Akuafoil Roll End Tuck Boxes <-----> 2nd Visit Timer  : 2007 ms  </system-out>
  <testcase classname="com.magento.rough.TestPageInteractiveForProducts" name="productPageInteractive" time="49.034"/>
  <system-out>
Product : Tri-Fold Brochures WaitTillPageReadyState for Product : Tri-Fold Brochures <-----> 1st Visit  Timer  : 13144 ms WaitTillPageReadyState for Product : Tri-Fold Brochures <-----> 2nd Visit Timer  : 2600 ms  </system-out>
  <testcase classname="com.magento.rough.TestPageInteractiveForProducts" name="productPageInteractive" time="50.825"/>
  <system-out>
Product : Marketing Products Samples  WaitTillPageReadyState for Product : Marketing Products Samples  <-----> 1st Visit  Timer  : 12809 ms WaitTillPageReadyState for Product : Marketing Products Samples  <-----> 2nd Visit Timer  : 2556 ms  </system-out>
  <testcase classname="com.magento.rough.TestPageInteractiveForProducts" name="productPageInteractive" time="46.572"/>
  <system-out>
Product : Circle Business Cards WaitTillPageReadyState for Product : Circle Business Cards <-----> 1st Visit  Timer  : 13731 ms WaitTillPageReadyState for Product : Circle Business Cards <-----> 2nd Visit Timer  : 2555 ms  </system-out>
  <testcase classname="com.magento.rough.TestPageInteractiveForProducts" name="productPageInteractive" time="47.551"/>
  <system-out>
Product : Luster Hang Tags WaitTillPageReadyState for Product : Luster Hang Tags <-----> 1st Visit  Timer  : 10584 ms WaitTillPageReadyState for Product : Luster Hang Tags <-----> 2nd Visit Timer  : 2913 ms  </system-out>
  <testcase classname="com.magento.rough.TestPageInteractiveForProducts" name="productPageInteractive" time="44.479"/>
  <system-out>
Product : Plastic Postcards WaitTillPageReadyState for Product : Plastic Postcards <-----> 1st Visit  Timer  : 10721 ms WaitTillPageReadyState for Product : Plastic Postcards <-----> 2nd Visit Timer  : 2098 ms  </system-out>
  <testcase classname="com.magento.rough.TestPageInteractiveForProducts" name="productPageInteractive" time="45.177"/>
  <system-out>
Product : Suede Postcards WaitTillPageReadyState for Product : Suede Postcards <-----> 1st Visit  Timer  : 11519 ms WaitTillPageReadyState for Product : Suede Postcards <-----> 2nd Visit Timer  : 3353 ms  </system-out>
  <testcase classname="com.magento.rough.TestPageInteractiveForProducts" name="productPageInteractive" time="44.517"/>
  <system-out>
Product : Suede Sell Sheets WaitTillPageReadyState for Product : Suede Sell Sheets <-----> 1st Visit  Timer  : 10436 ms WaitTillPageReadyState for Product : Suede Sell Sheets <-----> 2nd Visit Timer  : 2027 ms  </system-out>
  <testcase classname="com.magento.rough.TestPageInteractiveForProducts" name="productPageInteractive" time="43.430"/>
  <system-out>
Product : Wine Boxes WaitTillPageReadyState for Product : Wine Boxes <-----> 1st Visit  Timer  : 11162 ms WaitTillPageReadyState for Product : Wine Boxes <-----> 2nd Visit Timer  : 3277 ms  </system-out>
  <testcase classname="com.magento.rough.TestPageInteractiveForProducts" name="productPageInteractive" time="46.589"/>
  <system-out>
Product : Brown Kraft Sell Sheets WaitTillPageReadyState for Product : Brown Kraft Sell Sheets <-----> 1st Visit  Timer  : 10872 ms WaitTillPageReadyState for Product : Brown Kraft Sell Sheets <-----> 2nd Visit Timer  : 2040 ms  </system-out>
  <testcase classname="com.magento.rough.TestPageInteractiveForProducts" name="productPageInteractive" time="42.720"/>
  <system-out>
Product : Business Card Shipping Boxes WaitTillPageReadyState for Product : Business Card Shipping Boxes <-----> 1st Visit  Timer  : 11896 ms WaitTillPageReadyState for Product : Business Card Shipping Boxes <-----> 2nd Visit Timer  : 2247 ms  </system-out>
  <testcase classname="com.magento.rough.TestPageInteractiveForProducts" name="productPageInteractive" time="44.245"/>
  <system-out>
Product : Standard Rack Cards WaitTillPageReadyState for Product : Standard Rack Cards <-----> 1st Visit  Timer  : 10992 ms WaitTillPageReadyState for Product : Standard Rack Cards <-----> 2nd Visit Timer  : 1852 ms  </system-out>
  <testcase classname="com.magento.rough.TestPageInteractiveForProducts" name="productPageInteractive" time="47.561"/>
  <system-out>
Product : Square Roll Labels WaitTillPageReadyState for Product : Square Roll Labels <-----> 1st Visit  Timer  : 13070 ms WaitTillPageReadyState for Product : Square Roll Labels <-----> 2nd Visit Timer  : 4094 ms  </system-out>
  <testcase classname="com.magento.rough.TestPageInteractiveForProducts" name="productPageInteractive" time="48.536"/>
  <system-out>
Product : Feather Flags WaitTillPageReadyState for Product : Feather Flags <-----> 1st Visit  Timer  : 11330 ms WaitTillPageReadyState for Product : Feather Flags <-----> 2nd Visit Timer  : 3097 ms  </system-out>
  <testcase classname="com.magento.rough.TestPageInteractiveForProducts" name="productPageInteractive" time="54.319"/>
  <system-out>
Product : Raised Foil Business Cards WaitTillPageReadyState for Product : Raised Foil Business Cards <-----> 1st Visit  Timer  : 18621 ms WaitTillPageReadyState for Product : Raised Foil Business Cards <-----> 2nd Visit Timer  : 4331 ms  </system-out>
  <testcase classname="com.magento.rough.TestPageInteractiveForProducts" name="productPageInteractive" time="49.843"/>
  <system-out>
Product : Fabric Tube Displays WaitTillPageReadyState for Product : Fabric Tube Displays <-----> 1st Visit  Timer  : 12779 ms WaitTillPageReadyState for Product : Fabric Tube Displays <-----> 2nd Visit Timer  : 2318 ms  </system-out>
  <testcase classname="com.magento.rough.TestPageInteractiveForProducts" name="productPageInteractive" time="50.841"/>
  <system-out>
Product : Standard Event Tickets WaitTillPageReadyState for Product : Standard Event Tickets <-----> 1st Visit  Timer  : 11765 ms WaitTillPageReadyState for Product : Standard Event Tickets <-----> 2nd Visit Timer  : 2250 ms  </system-out>
  <testcase classname="com.magento.rough.TestPageInteractiveForProducts" name="productPageInteractive" time="46.381"/>
  <system-out>
Product : Rectangle Roll Labels WaitTillPageReadyState for Product : Rectangle Roll Labels <-----> 1st Visit  Timer  : 13332 ms WaitTillPageReadyState for Product : Rectangle Roll Labels <-----> 2nd Visit Timer  : 3438 ms  </system-out>
  <testcase classname="com.magento.rough.TestPageInteractiveForProducts" name="productPageInteractive" time="53.503"/>
  <system-out>
Product : Specialty Folds Brochures WaitTillPageReadyState for Product : Specialty Folds Brochures <-----> 1st Visit  Timer  : 14089 ms WaitTillPageReadyState for Product : Specialty Folds Brochures <-----> 2nd Visit Timer  : 4761 ms  </system-out>
  <testcase classname="com.magento.rough.TestPageInteractiveForProducts" name="productPageInteractive" time="45.643"/>
  <system-out>
Product : Linen Uncoated Postcards WaitTillPageReadyState for Product : Linen Uncoated Postcards <-----> 1st Visit  Timer  : 9960 ms WaitTillPageReadyState for Product : Linen Uncoated Postcards <-----> 2nd Visit Timer  : 2538 ms  </system-out>
  <testcase classname="com.magento.rough.TestPageInteractiveForProducts" name="productPageInteractive" time="45.578"/>
  <system-out>
Product : Pearl Presentation Folder WaitTillPageReadyState for Product : Pearl Presentation Folder <-----> 1st Visit  Timer  : 10585 ms WaitTillPageReadyState for Product : Pearl Presentation Folder <-----> 2nd Visit Timer  : 1937 ms  </system-out>
  <testcase classname="com.magento.rough.TestPageInteractiveForProducts" name="productPageInteractive" time="43.749"/>
  <system-out>
Product : Golf Ball Boxes WaitTillPageReadyState for Product : Golf Ball Boxes <-----> 1st Visit  Timer  : 11216 ms WaitTillPageReadyState for Product : Golf Ball Boxes <-----> 2nd Visit Timer  : 2542 ms  </system-out>
  <testcase classname="com.magento.rough.TestPageInteractiveForProducts" name="productPageInteractive" time="41.951"/>
  <system-out>
Product : Flat Flyers and Brochures WaitTillPageReadyState for Product : Flat Flyers and Brochures <-----> 1st Visit  Timer  : 11681 ms WaitTillPageReadyState for Product : Flat Flyers and Brochures <-----> 2nd Visit Timer  : 2645 ms  </system-out>
  <testcase classname="com.magento.rough.TestPageInteractiveForProducts" name="productPageInteractive" time="47.925"/>
  <system-out>
Product : Roll End Tuck Boxes WaitTillPageReadyState for Product : Roll End Tuck Boxes <-----> 1st Visit  Timer  : 13463 ms WaitTillPageReadyState for Product : Roll End Tuck Boxes <-----> 2nd Visit Timer  : 1641 ms  </system-out>
  <testcase classname="com.magento.rough.TestPageInteractiveForProducts" name="productPageInteractive" time="48.173"/>
  <system-out>
Product : Gloss Cover with AQ Booklets WaitTillPageReadyState for Product : Gloss Cover with AQ Booklets <-----> 1st Visit  Timer  : 14258 ms WaitTillPageReadyState for Product : Gloss Cover with AQ Booklets <-----> 2nd Visit Timer  : 2248 ms  </system-out>
  <testcase classname="com.magento.rough.TestPageInteractiveForProducts" name="productPageInteractive" time="51.580"/>
  <system-out>
Product : Perfect Bound Catalogs WaitTillPageReadyState for Product : Perfect Bound Catalogs <-----> 1st Visit  Timer  : 13213 ms WaitTillPageReadyState for Product : Perfect Bound Catalogs <-----> 2nd Visit Timer  : 2332 ms  </system-out>
  <testcase classname="com.magento.rough.TestPageInteractiveForProducts" name="productPageInteractive" time="45.960"/>
  <system-out>
Product : Sample Kits WaitTillPageReadyState for Product : Sample Kits <-----> 1st Visit  Timer  : 14676 ms WaitTillPageReadyState for Product : Sample Kits <-----> 2nd Visit Timer  : 2095 ms  </system-out>
  <testcase classname="com.magento.rough.TestPageInteractiveForProducts" name="productPageInteractive" time="45.625"/>
  <system-out>
Product : Teardrop Flags WaitTillPageReadyState for Product : Teardrop Flags <-----> 1st Visit  Timer  : 10661 ms WaitTillPageReadyState for Product : Teardrop Flags <-----> 2nd Visit Timer  : 2084 ms  </system-out>
  <testcase classname="com.magento.rough.TestPageInteractiveForProducts" name="productPageInteractive" time="47.864"/>
  <system-out>
Product : All Inclusive Flyers and Brochures WaitTillPageReadyState for Product : All Inclusive Flyers and Brochures <-----> 1st Visit  Timer  : 12277 ms WaitTillPageReadyState for Product : All Inclusive Flyers and Brochures <-----> 2nd Visit Timer  : 2627 ms  </system-out>
  <testcase classname="com.magento.rough.TestPageInteractiveForProducts" name="productPageInteractive" time="43.262"/>
  <system-out>
Product : Brown Kraft Hang Tags WaitTillPageReadyState for Product : Brown Kraft Hang Tags <-----> 1st Visit  Timer  : 11290 ms WaitTillPageReadyState for Product : Brown Kraft Hang Tags <-----> 2nd Visit Timer  : 1904 ms  </system-out>
  <testcase classname="com.magento.rough.TestPageInteractiveForProducts" name="productPageInteractive" time="43.520"/>
  <system-out>
Product : Standard Announcement Cards WaitTillPageReadyState for Product : Standard Announcement Cards <-----> 1st Visit  Timer  : 12321 ms WaitTillPageReadyState for Product : Standard Announcement Cards <-----> 2nd Visit Timer  : 3065 ms  </system-out>
  <testcase classname="com.magento.rough.TestPageInteractiveForProducts" name="productPageInteractive" time="50.858"/>
  <system-out>
Product : Common Sell Sheets WaitTillPageReadyState for Product : Common Sell Sheets <-----> 1st Visit  Timer  : 12131 ms WaitTillPageReadyState for Product : Common Sell Sheets <-----> 2nd Visit Timer  : 3788 ms  </system-out>
  <testcase classname="com.magento.rough.TestPageInteractiveForProducts" name="productPageInteractive" time="55.770"/>
  <system-out>
Product : 11x8.5 Calendars WaitTillPageReadyState for Product : 11x8.5 Calendars <-----> 1st Visit  Timer  : 11144 ms WaitTillPageReadyState for Product : 11x8.5 Calendars <-----> 2nd Visit Timer  : 2092 ms  </system-out>
  <testcase classname="com.magento.rough.TestPageInteractiveForProducts" name="productPageInteractive" time="43.958"/>
  <system-out>
Product : Akuafoil Bookmarks WaitTillPageReadyState for Product : Akuafoil Bookmarks <-----> 1st Visit  Timer  : 9453 ms WaitTillPageReadyState for Product : Akuafoil Bookmarks <-----> 2nd Visit Timer  : 1900 ms  </system-out>
  <testcase classname="com.magento.rough.TestPageInteractiveForProducts" name="productPageInteractive" time="47.567"/>
  <system-out>
Product : Digital Envelopes WaitTillPageReadyState for Product : Digital Envelopes <-----> 1st Visit  Timer  : 11743 ms WaitTillPageReadyState for Product : Digital Envelopes <-----> 2nd Visit Timer  : 2186 ms  </system-out>
  <testcase classname="com.magento.rough.TestPageInteractiveForProducts" name="productPageInteractive" time="50.089"/>
  <system-out>
Product : Fold-over Business Cards WaitTillPageReadyState for Product : Fold-over Business Cards <-----> 1st Visit  Timer  : 11254 ms WaitTillPageReadyState for Product : Fold-over Business Cards <-----> 2nd Visit Timer  : 2817 ms  </system-out>
  <testcase classname="com.magento.rough.TestPageInteractiveForProducts" name="productPageInteractive" time="46.309"/>
  <system-out>
Product : EDDM Full Service Postcards WaitTillPageReadyState for Product : EDDM Full Service Postcards <-----> 1st Visit  Timer  : 11463 ms WaitTillPageReadyState for Product : EDDM Full Service Postcards <-----> 2nd Visit Timer  : 2167 ms  </system-out>
  <testcase classname="com.magento.rough.TestPageInteractiveForProducts" name="productPageInteractive" time="89.310"/>
  <system-out>
Product : Majestic Products Samples WaitTillPageReadyState for Product : Majestic Products Samples <-----> 1st Visit  Timer  : 18926 ms WaitTillPageReadyState for Product : Majestic Products Samples <-----> 2nd Visit Timer  : 4241 ms  </system-out>
  <testcase classname="com.magento.rough.TestPageInteractiveForProducts" name="productPageInteractive" time="53.237"/>
  <system-out>
Product : Suede Bookmarks WaitTillPageReadyState for Product : Suede Bookmarks <-----> 1st Visit  Timer  : 12303 ms WaitTillPageReadyState for Product : Suede Bookmarks <-----> 2nd Visit Timer  : 2085 ms  </system-out>
  <testcase classname="com.magento.rough.TestPageInteractiveForProducts" name="productPageInteractive" time="44.007"/>
  <system-out>
Product : Natural Envelopes WaitTillPageReadyState for Product : Natural Envelopes <-----> 1st Visit  Timer  : 12394 ms WaitTillPageReadyState for Product : Natural Envelopes <-----> 2nd Visit Timer  : 2014 ms  </system-out>
  <testcase classname="com.magento.rough.TestPageInteractiveForProducts" name="productPageInteractive" time="41.186"/>
  <system-out>
Product : Print & Trim Boxes WaitTillPageReadyState for Product : Print & Trim Boxes <-----> 1st Visit  Timer  : 11234 ms WaitTillPageReadyState for Product : Print & Trim Boxes <-----> 2nd Visit Timer  : 2355 ms  </system-out>
  <testcase classname="com.magento.rough.TestPageInteractiveForProducts" name="productPageInteractive" time="53.363"/>
  <system-out>
Product : Sales Presentation Boxes WaitTillPageReadyState for Product : Sales Presentation Boxes <-----> 1st Visit  Timer  : 14675 ms WaitTillPageReadyState for Product : Sales Presentation Boxes <-----> 2nd Visit Timer  : 2338 ms  </system-out>
  <testcase classname="com.magento.rough.TestPageInteractiveForProducts" name="productPageInteractive" time="59.211"/>
  <system-out>
Product : All Inclusive Postcards WaitTillPageReadyState for Product : All Inclusive Postcards <-----> 1st Visit  Timer  : 14877 ms WaitTillPageReadyState for Product : All Inclusive Postcards <-----> 2nd Visit Timer  : 7767 ms  </system-out>
  <testcase classname="com.magento.rough.TestPageInteractiveForProducts" name="productPageInteractive" time="47.683"/>
  <system-out>
Product : Backlit posters WaitTillPageReadyState for Product : Backlit posters <-----> 1st Visit  Timer  : 11226 ms WaitTillPageReadyState for Product : Backlit posters <-----> 2nd Visit Timer  : 1717 ms  </system-out>
  <testcase classname="com.magento.rough.TestPageInteractiveForProducts" name="productPageInteractive" time="44.006"/>
  <system-out>
Product : Pearl Hang Tags WaitTillPageReadyState for Product : Pearl Hang Tags <-----> 1st Visit  Timer  : 14017 ms WaitTillPageReadyState for Product : Pearl Hang Tags <-----> 2nd Visit Timer  : 2150 ms  </system-out>
  <testcase classname="com.magento.rough.TestPageInteractiveForProducts" name="productPageInteractive" time="44.591"/>
  <system-out>
Product : Akuafoil Sales Presentation Boxes WaitTillPageReadyState for Product : Akuafoil Sales Presentation Boxes <-----> 1st Visit  Timer  : 11029 ms WaitTillPageReadyState for Product : Akuafoil Sales Presentation Boxes <-----> 2nd Visit Timer  : 2137 ms  </system-out>
  <testcase classname="com.magento.rough.TestPageInteractiveForProducts" name="productPageInteractive" time="47.769"/>
  <system-out>
Product : Common Menus WaitTillPageReadyState for Product : Common Menus <-----> 1st Visit  Timer  : 11909 ms WaitTillPageReadyState for Product : Common Menus <-----> 2nd Visit Timer  : 3682 ms  </system-out>
  <testcase classname="com.magento.rough.TestPageInteractiveForProducts" name="productPageInteractive" time="42.272"/>
  <system-out>
Product : EDDM Flyers and Brochures - Print Only WaitTillPageReadyState for Product : EDDM Flyers and Brochures - Print Only <-----> 1st Visit  Timer  : 9853 ms WaitTillPageReadyState for Product : EDDM Flyers and Brochures - Print Only <-----> 2nd Visit Timer  : 2136 ms  </system-out>
  <testcase classname="com.magento.rough.TestPageInteractiveForProducts" name="productPageInteractive" time="49.752"/>
  <system-out>
Product : Gator Board Signs WaitTillPageReadyState for Product : Gator Board Signs <-----> 1st Visit  Timer  : 10893 ms WaitTillPageReadyState for Product : Gator Board Signs <-----> 2nd Visit Timer  : 2654 ms  </system-out>
  <testcase classname="com.magento.rough.TestPageInteractiveForProducts" name="productPageInteractive" time="41.608"/>
  <system-out>
Product : Suede Trading Cards WaitTillPageReadyState for Product : Suede Trading Cards <-----> 1st Visit  Timer  : 10635 ms WaitTillPageReadyState for Product : Suede Trading Cards <-----> 2nd Visit Timer  : 1740 ms  </system-out>
  <testcase classname="com.magento.rough.TestPageInteractiveForProducts" name="productPageInteractive" time="53.048"/>
  <system-out>
Product : Circle Roll Labels WaitTillPageReadyState for Product : Circle Roll Labels <-----> 1st Visit  Timer  : 14533 ms WaitTillPageReadyState for Product : Circle Roll Labels <-----> 2nd Visit Timer  : 3055 ms  </system-out>
  <testcase classname="com.magento.rough.TestPageInteractiveForProducts" name="productPageInteractive" time="41.138"/>
  <system-out>
Product : White PVC Counter Cards WaitTillPageReadyState for Product : White PVC Counter Cards <-----> 1st Visit  Timer  : 10618 ms WaitTillPageReadyState for Product : White PVC Counter Cards <-----> 2nd Visit Timer  : 2338 ms  </system-out>
  <testcase classname="com.magento.rough.TestPageInteractiveForProducts" name="productPageInteractive" time="43.229"/>
  <system-out>
Product : X-Style collapsible Banner Stands WaitTillPageReadyState for Product : X-Style collapsible Banner Stands <-----> 1st Visit  Timer  : 10591 ms WaitTillPageReadyState for Product : X-Style collapsible Banner Stands <-----> 2nd Visit Timer  : 2889 ms  </system-out>
  <testcase classname="com.magento.rough.TestPageInteractiveForProducts" name="productPageInteractive" time="46.822"/>
  <system-out>
Product : Akuafoil Hang Tags WaitTillPageReadyState for Product : Akuafoil Hang Tags <-----> 1st Visit  Timer  : 11291 ms WaitTillPageReadyState for Product : Akuafoil Hang Tags <-----> 2nd Visit Timer  : 2210 ms  </system-out>
  <testcase classname="com.magento.rough.TestPageInteractiveForProducts" name="productPageInteractive" time="65.792"/>
  <system-out>
Product : Business Card Holder WaitTillPageReadyState for Product : Business Card Holder <-----> 1st Visit  Timer  : 14084 ms WaitTillPageReadyState for Product : Business Card Holder <-----> 2nd Visit Timer  : 3655 ms  </system-out>
  <testcase classname="com.magento.rough.TestPageInteractiveForProducts" name="productPageInteractive" time="49.835"/>
  <system-out>
Product : X-Style collapsible Outdoor Banner Stands WaitTillPageReadyState for Product : X-Style collapsible Outdoor Banner Stands <-----> 1st Visit  Timer  : 10562 ms WaitTillPageReadyState for Product : X-Style collapsible Outdoor Banner Stands <-----> 2nd Visit Timer  : 2604 ms  </system-out>
  <testcase classname="com.magento.rough.TestPageInteractiveForProducts" name="productPageInteractive" time="42.352"/>
  <system-out>
Product : Natural Bookmarks WaitTillPageReadyState for Product : Natural Bookmarks <-----> 1st Visit  Timer  : 12137 ms WaitTillPageReadyState for Product : Natural Bookmarks <-----> 2nd Visit Timer  : 2237 ms  </system-out>
  <testcase classname="com.magento.rough.TestPageInteractiveForProducts" name="productPageInteractive" time="46.163"/>
  <system-out>
Product : Akuafoil Print & Trim Boxes WaitTillPageReadyState for Product : Akuafoil Print & Trim Boxes <-----> 1st Visit  Timer  : 11798 ms WaitTillPageReadyState for Product : Akuafoil Print & Trim Boxes <-----> 2nd Visit Timer  : 2296 ms  </system-out>
  <testcase classname="com.magento.rough.TestPageInteractiveForProducts" name="productPageInteractive" time="49.235"/>
  <system-out>
Product : Direct Mail Half-Fold Flyers and Brochures WaitTillPageReadyState for Product : Direct Mail Half-Fold Flyers and Brochures <-----> 1st Visit  Timer  : 12058 ms WaitTillPageReadyState for Product : Direct Mail Half-Fold Flyers and Brochures <-----> 2nd Visit Timer  : 5011 ms  </system-out>
  <testcase classname="com.magento.rough.TestPageInteractiveForProducts" name="productPageInteractive" time="44.327"/>
  <system-out>
Product : EDDM Sell Sheets - Print Only WaitTillPageReadyState for Product : EDDM Sell Sheets - Print Only <-----> 1st Visit  Timer  : 9936 ms WaitTillPageReadyState for Product : EDDM Sell Sheets - Print Only <-----> 2nd Visit Timer  : 2129 ms  </system-out>
  <testcase classname="com.magento.rough.TestPageInteractiveForProducts" name="productPageInteractive" time="42.886"/>
  <system-out>
Product : Scrim Vinyl Banners WaitTillPageReadyState for Product : Scrim Vinyl Banners <-----> 1st Visit  Timer  : 11211 ms WaitTillPageReadyState for Product : Scrim Vinyl Banners <-----> 2nd Visit Timer  : 2602 ms  </system-out>
  <testcase classname="com.magento.rough.TestPageInteractiveForProducts" name="productPageInteractive" time="44.797"/>
  <system-out>
Product : High Tack Vinyl Wall Decals WaitTillPageReadyState for Product : High Tack Vinyl Wall Decals <-----> 1st Visit  Timer  : 11194 ms WaitTillPageReadyState for Product : High Tack Vinyl Wall Decals <-----> 2nd Visit Timer  : 1802 ms  </system-out>
  <testcase classname="com.magento.rough.TestPageInteractiveForProducts" name="productPageInteractive" time="42.568"/>
  <system-out>
Product : Coroplast Rider Signs WaitTillPageReadyState for Product : Coroplast Rider Signs <-----> 1st Visit  Timer  : 10676 ms WaitTillPageReadyState for Product : Coroplast Rider Signs <-----> 2nd Visit Timer  : 1748 ms  </system-out>
  <testcase classname="com.magento.rough.TestPageInteractiveForProducts" name="productPageInteractive" time="45.663"/>
  <system-out>
Product : Direct Mail Flyers and Brochures Uncoated WaitTillPageReadyState for Product : Direct Mail Flyers and Brochures Uncoated <-----> 1st Visit  Timer  : 11639 ms WaitTillPageReadyState for Product : Direct Mail Flyers and Brochures Uncoated <-----> 2nd Visit Timer  : 2093 ms  </system-out>
  <testcase classname="com.magento.rough.TestPageInteractiveForProducts" name="productPageInteractive" time="43.775"/>
  <system-out>
Product : Brown Kraft Postcards WaitTillPageReadyState for Product : Brown Kraft Postcards <-----> 1st Visit  Timer  : 11460 ms WaitTillPageReadyState for Product : Brown Kraft Postcards <-----> 2nd Visit Timer  : 2127 ms  </system-out>
  <testcase classname="com.magento.rough.TestPageInteractiveForProducts" name="productPageInteractive" time="47.113"/>
  <system-out>
Product : Premium Polyester Banners WaitTillPageReadyState for Product : Premium Polyester Banners <-----> 1st Visit  Timer  : 11623 ms WaitTillPageReadyState for Product : Premium Polyester Banners <-----> 2nd Visit Timer  : 1822 ms  </system-out>
  <testcase classname="com.magento.rough.TestPageInteractiveForProducts" name="productPageInteractive" time="61.962"/>
  <system-out>
Product : Foil Worx Business Cards WaitTillPageReadyState for Product : Foil Worx Business Cards <-----> 1st Visit  Timer  : 15378 ms WaitTillPageReadyState for Product : Foil Worx Business Cards <-----> 2nd Visit Timer  : 7144 ms  </system-out>
  <testcase classname="com.magento.rough.TestPageInteractiveForProducts" name="productPageInteractive" time="37.656"/>
  <system-out>
Product : 5x5.5 Table Tent WaitTillPageReadyState for Product : 5x5.5 Table Tent <-----> 1st Visit  Timer  : 11525 ms WaitTillPageReadyState for Product : 5x5.5 Table Tent <-----> 2nd Visit Timer  : 2084 ms  </system-out>
  <testcase classname="com.magento.rough.TestPageInteractiveForProducts" name="productPageInteractive" time="45.075"/>
  <system-out>
Product : Raised Foil Greeting Cards WaitTillPageReadyState for Product : Raised Foil Greeting Cards <-----> 1st Visit  Timer  : 10312 ms WaitTillPageReadyState for Product : Raised Foil Greeting Cards <-----> 2nd Visit Timer  : 3864 ms  </system-out>
  <testcase classname="com.magento.rough.TestPageInteractiveForProducts" name="productPageInteractive" time="49.564"/>
  <system-out>
Product : Self-Cover Calendars WaitTillPageReadyState for Product : Self-Cover Calendars <-----> 1st Visit  Timer  : 12277 ms WaitTillPageReadyState for Product : Self-Cover Calendars <-----> 2nd Visit Timer  : 2562 ms  </system-out>
  <testcase classname="com.magento.rough.TestPageInteractiveForProducts" name="productPageInteractive" time="45.203"/>
  <system-out>
Product : Direct Mail Tri-Fold Flyers and Brochures WaitTillPageReadyState for Product : Direct Mail Tri-Fold Flyers and Brochures <-----> 1st Visit  Timer  : 12059 ms WaitTillPageReadyState for Product : Direct Mail Tri-Fold Flyers and Brochures <-----> 2nd Visit Timer  : 1520 ms  </system-out>
  <testcase classname="com.magento.rough.TestPageInteractiveForProducts" name="productPageInteractive" time="59.679"/>
  <system-out>
Product : Business Card Boxes WaitTillPageReadyState for Product : Business Card Boxes <-----> 1st Visit  Timer  : 15130 ms WaitTillPageReadyState for Product : Business Card Boxes <-----> 2nd Visit Timer  : 2974 ms  </system-out>
  <testcase classname="com.magento.rough.TestPageInteractiveForProducts" name="productPageInteractive" time="40.569"/>
  <system-out>
Product : Spiral Bind Calendars WaitTillPageReadyState for Product : Spiral Bind Calendars <-----> 1st Visit  Timer  : 11587 ms WaitTillPageReadyState for Product : Spiral Bind Calendars <-----> 2nd Visit Timer  : 2047 ms  </system-out>
  <testcase classname="com.magento.rough.TestPageInteractiveForProducts" name="productPageInteractive" time="51.849"/>
  <system-out>
Product : Oval Roll Labels WaitTillPageReadyState for Product : Oval Roll Labels <-----> 1st Visit  Timer  : 13599 ms WaitTillPageReadyState for Product : Oval Roll Labels <-----> 2nd Visit Timer  : 4934 ms  </system-out>
  <testcase classname="com.magento.rough.TestPageInteractiveForProducts" name="productPageInteractive" time="43.502"/>
  <system-out>
Product : Women's Premium Short Sleeve T-Shirts WaitTillPageReadyState for Product : Women's Premium Short Sleeve T-Shirts <-----> 1st Visit  Timer  : 10976 ms WaitTillPageReadyState for Product : Women's Premium Short Sleeve T-Shirts <-----> 2nd Visit Timer  : 1877 ms  </system-out>
  <testcase classname="com.magento.rough.TestPageInteractiveForProducts" name="productPageInteractive" time="44.913"/>
  <system-out>
Product : Magnet Announcement Cards WaitTillPageReadyState for Product : Magnet Announcement Cards <-----> 1st Visit  Timer  : 11036 ms WaitTillPageReadyState for Product : Magnet Announcement Cards <-----> 2nd Visit Timer  : 2492 ms  </system-out>
  <testcase classname="com.magento.rough.TestPageInteractiveForProducts" name="productPageInteractive" time="41.686"/>
  <system-out>
Product : Dull Book Posters WaitTillPageReadyState for Product : Dull Book Posters <-----> 1st Visit  Timer  : 11114 ms WaitTillPageReadyState for Product : Dull Book Posters <-----> 2nd Visit Timer  : 2308 ms  </system-out>
  <testcase classname="com.magento.rough.TestPageInteractiveForProducts" name="productPageInteractive" time="42.554"/>
  <system-out>
Product : 18pt Trading Cards WaitTillPageReadyState for Product : 18pt Trading Cards <-----> 1st Visit  Timer  : 12544 ms WaitTillPageReadyState for Product : 18pt Trading Cards <-----> 2nd Visit Timer  : 2483 ms  </system-out>
  <testcase classname="com.magento.rough.TestPageInteractiveForProducts" name="productPageInteractive" time="51.920"/>
  <system-out>
Product : Photo Gloss Posters WaitTillPageReadyState for Product : Photo Gloss Posters <-----> 1st Visit  Timer  : 10942 ms WaitTillPageReadyState for Product : Photo Gloss Posters <-----> 2nd Visit Timer  : 2438 ms  </system-out>
  <testcase classname="com.magento.rough.TestPageInteractiveForProducts" name="productPageInteractive" time="42.553"/>
  <system-out>
Product : See-Through Perforated Clings WaitTillPageReadyState for Product : See-Through Perforated Clings <-----> 1st Visit  Timer  : 11888 ms WaitTillPageReadyState for Product : See-Through Perforated Clings <-----> 2nd Visit Timer  : 1915 ms  </system-out>
  <testcase classname="com.magento.rough.TestPageInteractiveForProducts" name="productPageInteractive" time="43.011"/>
  <system-out>
Product : Standard Stickers WaitTillPageReadyState for Product : Standard Stickers <-----> 1st Visit  Timer  : 10221 ms WaitTillPageReadyState for Product : Standard Stickers <-----> 2nd Visit Timer  : 2546 ms  </system-out>
  <testcase classname="com.magento.rough.TestPageInteractiveForProducts" name="productPageInteractive" time="49.167"/>
  <system-out>
Product : 8.5x11 Calendars WaitTillPageReadyState for Product : 8.5x11 Calendars <-----> 1st Visit  Timer  : 11632 ms WaitTillPageReadyState for Product : 8.5x11 Calendars <-----> 2nd Visit Timer  : 2039 ms  </system-out>
  <testcase classname="com.magento.rough.TestPageInteractiveForProducts" name="productPageInteractive" time="41.911"/>
  <system-out>
Product : Pearl Postcards WaitTillPageReadyState for Product : Pearl Postcards <-----> 1st Visit  Timer  : 11153 ms WaitTillPageReadyState for Product : Pearl Postcards <-----> 2nd Visit Timer  : 2208 ms  </system-out>
  <testcase classname="com.magento.rough.TestPageInteractiveForProducts" name="productPageInteractive" time="45.450"/>
  <system-out>
Product : Foam Core Signs WaitTillPageReadyState for Product : Foam Core Signs <-----> 1st Visit  Timer  : 11658 ms WaitTillPageReadyState for Product : Foam Core Signs <-----> 2nd Visit Timer  : 1410 ms  </system-out>
  <testcase classname="com.magento.rough.TestPageInteractiveForProducts" name="productPageInteractive" time="85.237">
    <failure message="expected [true] but found [false]" type="java.lang.AssertionError">
      <![CDATA[java.lang.AssertionError: expected [true] but found [false]
at org.testng.Assert.fail(Assert.java:99)
at org.testng.Assert.failNotEquals(Assert.java:1037)
at org.testng.Assert.assertTrue(Assert.java:45)
at org.testng.Assert.assertTrue(Assert.java:55)
at com.magento.reusableComponents.CommonUtilities.sendKeys_custom(CommonUtilities.java:45)
at com.magento.pages.BasePage.enterEmail(BasePage.java:80)
at com.magento.pages.BasePage.loginFromHeader(BasePage.java:107)
at com.magento.rough.TestPageInteractiveForProducts.productPageInteractive(TestPageInteractiveForProducts.java:37)
at jdk.internal.reflect.GeneratedMethodAccessor4.invoke(Unknown Source)
at java.base/jdk.internal.reflect.DelegatingMethodAccessorImpl.invoke(DelegatingMethodAccessorImpl.java:43)
at java.base/java.lang.reflect.Method.invoke(Method.java:564)
at org.testng.internal.MethodInvocationHelper.invokeMethod(MethodInvocationHelper.java:132)
at org.testng.internal.TestInvoker.invokeMethod(TestInvoker.java:599)
at org.testng.internal.TestInvoker.invokeTestMethod(TestInvoker.java:174)
at org.testng.internal.MethodRunner.runInSequence(MethodRunner.java:46)
at org.testng.internal.TestInvoker$MethodInvocationAgent.invoke(TestInvoker.java:822)
at org.testng.internal.TestInvoker.invokeTestMethods(TestInvoker.java:147)
at org.testng.internal.TestMethodWorker.invokeTestMethods(TestMethodWorker.java:146)
at org.testng.internal.TestMethodWorker.run(TestMethodWorker.java:128)
at java.base/java.util.ArrayList.forEach(ArrayList.java:1511)
at org.testng.TestRunner.privateRun(TestRunner.java:764)
at org.testng.TestRunner.run(TestRunner.java:585)
at org.testng.SuiteRunner.runTest(SuiteRunner.java:384)
at org.testng.SuiteRunner.access$000(SuiteRunner.java:28)
at org.testng.SuiteRunner$SuiteWorker.run(SuiteRunner.java:425)
at org.testng.internal.thread.ThreadUtil.lambda$execute$0(ThreadUtil.java:66)
at java.base/java.util.concurrent.FutureTask.run(FutureTask.java:264)
at java.base/java.util.concurrent.ThreadPoolExecutor.runWorker(ThreadPoolExecutor.java:1130)
at java.base/java.util.concurrent.ThreadPoolExecutor$Worker.run(ThreadPoolExecutor.java:630)
at java.base/java.lang.Thread.run(Thread.java:832)
]]>
    </failure>
  </testcase> <!-- productPageInteractive -->
  <system-out>
Product : Tablecloths  </system-out>
  <testcase classname="com.magento.rough.TestPageInteractiveForProducts" name="productPageInteractive" time="41.270"/>
  <system-out>
Product : Pearl Trading Cards WaitTillPageReadyState for Product : Pearl Trading Cards <-----> 1st Visit  Timer  : 9481 ms WaitTillPageReadyState for Product : Pearl Trading Cards <-----> 2nd Visit Timer  : 3223 ms  </system-out>
  <testcase classname="com.magento.rough.TestPageInteractiveForProducts" name="productPageInteractive" time="44.290"/>
  <system-out>
Product : EndurACE Door Hangers WaitTillPageReadyState for Product : EndurACE Door Hangers <-----> 1st Visit  Timer  : 10784 ms WaitTillPageReadyState for Product : EndurACE Door Hangers <-----> 2nd Visit Timer  : 2028 ms  </system-out>
  <testcase classname="com.magento.rough.TestPageInteractiveForProducts" name="productPageInteractive" time="41.232"/>
  <system-out>
Product : Saddle Stitch Catalogs WaitTillPageReadyState for Product : Saddle Stitch Catalogs <-----> 1st Visit  Timer  : 11999 ms WaitTillPageReadyState for Product : Saddle Stitch Catalogs <-----> 2nd Visit Timer  : 2268 ms  </system-out>
  <testcase classname="com.magento.rough.TestPageInteractiveForProducts" name="productPageInteractive" time="44.749"/>
  <system-out>
Product : Oval Business Cards WaitTillPageReadyState for Product : Oval Business Cards <-----> 1st Visit  Timer  : 10699 ms WaitTillPageReadyState for Product : Oval Business Cards <-----> 2nd Visit Timer  : 3026 ms  </system-out>
  <testcase classname="com.magento.rough.TestPageInteractiveForProducts" name="productPageInteractive" time="38.937"/>
  <system-out>
Product : Standard Magnets (UV coating) WaitTillPageReadyState for Product : Standard Magnets (UV coating) <-----> 1st Visit  Timer  : 9586 ms WaitTillPageReadyState for Product : Standard Magnets (UV coating) <-----> 2nd Visit Timer  : 2346 ms  </system-out>
  <testcase classname="com.magento.rough.TestPageInteractiveForProducts" name="productPageInteractive" time="48.850"/>
  <system-out>
Product : 9x12 Calendars WaitTillPageReadyState for Product : 9x12 Calendars <-----> 1st Visit  Timer  : 13991 ms WaitTillPageReadyState for Product : 9x12 Calendars <-----> 2nd Visit Timer  : 3027 ms  </system-out>
  <testcase classname="com.magento.rough.TestPageInteractiveForProducts" name="productPageInteractive" time="43.189"/>
  <system-out>
Product : Opaque Window Graphics WaitTillPageReadyState for Product : Opaque Window Graphics <-----> 1st Visit  Timer  : 10744 ms WaitTillPageReadyState for Product : Opaque Window Graphics <-----> 2nd Visit Timer  : 2101 ms  </system-out>
  <testcase classname="com.magento.rough.TestPageInteractiveForProducts" name="productPageInteractive" time="48.390"/>
  <system-out>
Product : Copy Paper WaitTillPageReadyState for Product : Copy Paper <-----> 1st Visit  Timer  : 12043 ms WaitTillPageReadyState for Product : Copy Paper <-----> 2nd Visit Timer  : 2115 ms  </system-out>
  <testcase classname="com.magento.rough.TestPageInteractiveForProducts" name="productPageInteractive" time="40.136"/>
  <system-out>
Product : Akuafoil Trading Cards WaitTillPageReadyState for Product : Akuafoil Trading Cards <-----> 1st Visit  Timer  : 9750 ms WaitTillPageReadyState for Product : Akuafoil Trading Cards <-----> 2nd Visit Timer  : 2206 ms  </system-out>
  <testcase classname="com.magento.rough.TestPageInteractiveForProducts" name="productPageInteractive" time="45.754"/>
  <system-out>
Product : Flag Hardware WaitTillPageReadyState for Product : Flag Hardware <-----> 1st Visit  Timer  : 11857 ms WaitTillPageReadyState for Product : Flag Hardware <-----> 2nd Visit Timer  : 2406 ms  </system-out>
  <testcase classname="com.magento.rough.TestPageInteractiveForProducts" name="productPageInteractive" time="43.817"/>
  <system-out>
Product : Brown Kraft Menus WaitTillPageReadyState for Product : Brown Kraft Menus <-----> 1st Visit  Timer  : 10453 ms WaitTillPageReadyState for Product : Brown Kraft Menus <-----> 2nd Visit Timer  : 2689 ms  </system-out>
  <testcase classname="com.magento.rough.TestPageInteractiveForProducts" name="productPageInteractive" time="45.034"/>
  <system-out>
Product : Natural Trading Cards WaitTillPageReadyState for Product : Natural Trading Cards <-----> 1st Visit  Timer  : 11344 ms WaitTillPageReadyState for Product : Natural Trading Cards <-----> 2nd Visit Timer  : 2193 ms  </system-out>
  <testcase classname="com.magento.rough.TestPageInteractiveForProducts" name="productPageInteractive" time="57.695"/>
  <system-out>
Product : Mesh Banners WaitTillPageReadyState for Product : Mesh Banners <-----> 1st Visit  Timer  : 14694 ms WaitTillPageReadyState for Product : Mesh Banners <-----> 2nd Visit Timer  : 2958 ms  </system-out>
  <testcase classname="com.magento.rough.TestPageInteractiveForProducts" name="productPageInteractive" time="44.744"/>
  <system-out>
Product : Raised Foil Postcards WaitTillPageReadyState for Product : Raised Foil Postcards <-----> 1st Visit  Timer  : 11562 ms WaitTillPageReadyState for Product : Raised Foil Postcards <-----> 2nd Visit Timer  : 2325 ms  </system-out>
  <testcase classname="com.magento.rough.TestPageInteractiveForProducts" name="productPageInteractive" time="46.964"/>
  <system-out>
Product : Blockout Vinyl Single Sided Banner WaitTillPageReadyState for Product : Blockout Vinyl Single Sided Banner <-----> 1st Visit  Timer  : 10445 ms WaitTillPageReadyState for Product : Blockout Vinyl Single Sided Banner <-----> 2nd Visit Timer  : 3776 ms  </system-out>
  <testcase classname="com.magento.rough.TestPageInteractiveForProducts" name="productPageInteractive" time="41.165"/>
  <system-out>
Product : Low Price Business Cards WaitTillPageReadyState for Product : Low Price Business Cards <-----> 1st Visit  Timer  : 9635 ms WaitTillPageReadyState for Product : Low Price Business Cards <-----> 2nd Visit Timer  : 2182 ms  </system-out>
  <testcase classname="com.magento.rough.TestPageInteractiveForProducts" name="productPageInteractive" time="54.568"/>
  <system-out>
Product : Pearl Table Tents WaitTillPageReadyState for Product : Pearl Table Tents <-----> 1st Visit  Timer  : 11707 ms WaitTillPageReadyState for Product : Pearl Table Tents <-----> 2nd Visit Timer  : 2187 ms  </system-out>
  <testcase classname="com.magento.rough.TestPageInteractiveForProducts" name="productPageInteractive" time="41.324"/>
  <system-out>
Product : Luster Trading Cards WaitTillPageReadyState for Product : Luster Trading Cards <-----> 1st Visit  Timer  : 11089 ms WaitTillPageReadyState for Product : Luster Trading Cards <-----> 2nd Visit Timer  : 1780 ms  </system-out>
  <testcase classname="com.magento.rough.TestPageInteractiveForProducts" name="productPageInteractive" time="47.090"/>
  <system-out>
Product : Brown Kraft Bookmarks WaitTillPageReadyState for Product : Brown Kraft Bookmarks <-----> 1st Visit  Timer  : 11386 ms WaitTillPageReadyState for Product : Brown Kraft Bookmarks <-----> 2nd Visit Timer  : 2056 ms  </system-out>
  <testcase classname="com.magento.rough.TestPageInteractiveForProducts" name="productPageInteractive" time="45.318"/>
  <system-out>
Product : Sample Book WaitTillPageReadyState for Product : Sample Book <-----> 1st Visit  Timer  : 13629 ms WaitTillPageReadyState for Product : Sample Book <-----> 2nd Visit Timer  : 2099 ms  </system-out>
  <testcase classname="com.magento.rough.TestPageInteractiveForProducts" name="productPageInteractive" time="88.336">
    <failure message="expected [true] but found [false]" type="java.lang.AssertionError">
      <![CDATA[java.lang.AssertionError: expected [true] but found [false]
at org.testng.Assert.fail(Assert.java:99)
at org.testng.Assert.failNotEquals(Assert.java:1037)
at org.testng.Assert.assertTrue(Assert.java:45)
at org.testng.Assert.assertTrue(Assert.java:55)
at com.magento.reusableComponents.CommonUtilities.sendKeys_custom(CommonUtilities.java:45)
at com.magento.pages.BasePage.enterEmail(BasePage.java:80)
at com.magento.pages.BasePage.loginFromHeader(BasePage.java:107)
at com.magento.rough.TestPageInteractiveForProducts.productPageInteractive(TestPageInteractiveForProducts.java:37)
at jdk.internal.reflect.GeneratedMethodAccessor4.invoke(Unknown Source)
at java.base/jdk.internal.reflect.DelegatingMethodAccessorImpl.invoke(DelegatingMethodAccessorImpl.java:43)
at java.base/java.lang.reflect.Method.invoke(Method.java:564)
at org.testng.internal.MethodInvocationHelper.invokeMethod(MethodInvocationHelper.java:132)
at org.testng.internal.TestInvoker.invokeMethod(TestInvoker.java:599)
at org.testng.internal.TestInvoker.invokeTestMethod(TestInvoker.java:174)
at org.testng.internal.MethodRunner.runInSequence(MethodRunner.java:46)
at org.testng.internal.TestInvoker$MethodInvocationAgent.invoke(TestInvoker.java:822)
at org.testng.internal.TestInvoker.invokeTestMethods(TestInvoker.java:147)
at org.testng.internal.TestMethodWorker.invokeTestMethods(TestMethodWorker.java:146)
at org.testng.internal.TestMethodWorker.run(TestMethodWorker.java:128)
at java.base/java.util.ArrayList.forEach(ArrayList.java:1511)
at org.testng.TestRunner.privateRun(TestRunner.java:764)
at org.testng.TestRunner.run(TestRunner.java:585)
at org.testng.SuiteRunner.runTest(SuiteRunner.java:384)
at org.testng.SuiteRunner.access$000(SuiteRunner.java:28)
at org.testng.SuiteRunner$SuiteWorker.run(SuiteRunner.java:425)
at org.testng.internal.thread.ThreadUtil.lambda$execute$0(ThreadUtil.java:66)
at java.base/java.util.concurrent.FutureTask.run(FutureTask.java:264)
at java.base/java.util.concurrent.ThreadPoolExecutor.runWorker(ThreadPoolExecutor.java:1130)
at java.base/java.util.concurrent.ThreadPoolExecutor$Worker.run(ThreadPoolExecutor.java:630)
at java.base/java.lang.Thread.run(Thread.java:832)
]]>
    </failure>
  </testcase> <!-- productPageInteractive -->
  <system-out>
Product : Raised Spot UV Business Cards  </system-out>
  <testcase classname="com.magento.rough.TestPageInteractiveForProducts" name="productPageInteractive" time="51.071"/>
  <system-out>
Product : Deluxe double-sided retractable Banner Stands WaitTillPageReadyState for Product : Deluxe double-sided retractable Banner Stands <-----> 1st Visit  Timer  : 10891 ms WaitTillPageReadyState for Product : Deluxe double-sided retractable Banner Stands <-----> 2nd Visit Timer  : 1884 ms  </system-out>
  <testcase classname="com.magento.rough.TestPageInteractiveForProducts" name="productPageInteractive" time="53.204"/>
  <system-out>
Product : Akuafoil Stickers WaitTillPageReadyState for Product : Akuafoil Stickers <-----> 1st Visit  Timer  : 15627 ms WaitTillPageReadyState for Product : Akuafoil Stickers <-----> 2nd Visit Timer  : 4357 ms  </system-out>
  <testcase classname="com.magento.rough.TestPageInteractiveForProducts" name="productPageInteractive" time="41.425"/>
  <system-out>
Product : Table Runners WaitTillPageReadyState for Product : Table Runners <-----> 1st Visit  Timer  : 11477 ms WaitTillPageReadyState for Product : Table Runners <-----> 2nd Visit Timer  : 2185 ms  </system-out>
  <testcase classname="com.magento.rough.TestPageInteractiveForProducts" name="productPageInteractive" time="46.262"/>
  <system-out>
Product : Blockout Vinyl Double Sided Banner WaitTillPageReadyState for Product : Blockout Vinyl Double Sided Banner <-----> 1st Visit  Timer  : 11241 ms WaitTillPageReadyState for Product : Blockout Vinyl Double Sided Banner <-----> 2nd Visit Timer  : 1922 ms  </system-out>
  <testcase classname="com.magento.rough.TestPageInteractiveForProducts" name="productPageInteractive" time="42.939"/>
  <system-out>
Product : Deluxe single-sided retractable Banner Stands WaitTillPageReadyState for Product : Deluxe single-sided retractable Banner Stands <-----> 1st Visit  Timer  : 11476 ms WaitTillPageReadyState for Product : Deluxe single-sided retractable Banner Stands <-----> 2nd Visit Timer  : 1853 ms  </system-out>
  <testcase classname="com.magento.rough.TestPageInteractiveForProducts" name="productPageInteractive" time="39.128"/>
  <system-out>
Product : Pearl Sell Sheets WaitTillPageReadyState for Product : Pearl Sell Sheets <-----> 1st Visit  Timer  : 8134 ms WaitTillPageReadyState for Product : Pearl Sell Sheets <-----> 2nd Visit Timer  : 2160 ms  </system-out>
  <testcase classname="com.magento.rough.TestPageInteractiveForProducts" name="productPageInteractive" time="46.360"/>
  <system-out>
Product : Z-Fold Brochures WaitTillPageReadyState for Product : Z-Fold Brochures <-----> 1st Visit  Timer  : 10707 ms WaitTillPageReadyState for Product : Z-Fold Brochures <-----> 2nd Visit Timer  : 3553 ms  </system-out>
  <testcase classname="com.magento.rough.TestPageInteractiveForProducts" name="productPageInteractive" time="51.013"/>
  <system-out>
Product : Tabletop Displays WaitTillPageReadyState for Product : Tabletop Displays <-----> 1st Visit  Timer  : 13669 ms WaitTillPageReadyState for Product : Tabletop Displays <-----> 2nd Visit Timer  : 2555 ms  </system-out>
  <testcase classname="com.magento.rough.TestPageInteractiveForProducts" name="productPageInteractive" time="43.835"/>
  <system-out>
Product : Suede Presentation Folder WaitTillPageReadyState for Product : Suede Presentation Folder <-----> 1st Visit  Timer  : 10217 ms WaitTillPageReadyState for Product : Suede Presentation Folder <-----> 2nd Visit Timer  : 2684 ms  </system-out>
  <testcase classname="com.magento.rough.TestPageInteractiveForProducts" name="productPageInteractive" time="47.413"/>
  <system-out>
Product : Kids Short Sleeve T-Shirts WaitTillPageReadyState for Product : Kids Short Sleeve T-Shirts <-----> 1st Visit  Timer  : 10619 ms WaitTillPageReadyState for Product : Kids Short Sleeve T-Shirts <-----> 2nd Visit Timer  : 1449 ms  </system-out>
  <testcase classname="com.magento.rough.TestPageInteractiveForProducts" name="productPageInteractive" time="49.400"/>
  <system-out>
Product : Brown Kraft Greeting Cards WaitTillPageReadyState for Product : Brown Kraft Greeting Cards <-----> 1st Visit  Timer  : 13446 ms WaitTillPageReadyState for Product : Brown Kraft Greeting Cards <-----> 2nd Visit Timer  : 2780 ms  </system-out>
  <testcase classname="com.magento.rough.TestPageInteractiveForProducts" name="productPageInteractive" time="48.868"/>
  <system-out>
Product : 2-part Form Pads w Wraparound Cover WaitTillPageReadyState for Product : 2-part Form Pads w Wraparound Cover <-----> 1st Visit  Timer  : 10816 ms WaitTillPageReadyState for Product : 2-part Form Pads w Wraparound Cover <-----> 2nd Visit Timer  : 2888 ms  </system-out>
  <testcase classname="com.magento.rough.TestPageInteractiveForProducts" name="productPageInteractive" time="44.078"/>
  <system-out>
Product : Akuafoil Golf Ball Boxes WaitTillPageReadyState for Product : Akuafoil Golf Ball Boxes <-----> 1st Visit  Timer  : 11323 ms WaitTillPageReadyState for Product : Akuafoil Golf Ball Boxes <-----> 2nd Visit Timer  : 2097 ms  </system-out>
  <testcase classname="com.magento.rough.TestPageInteractiveForProducts" name="productPageInteractive" time="43.996"/>
  <system-out>
Product : Natural Table Tents WaitTillPageReadyState for Product : Natural Table Tents <-----> 1st Visit  Timer  : 11964 ms WaitTillPageReadyState for Product : Natural Table Tents <-----> 2nd Visit Timer  : 2126 ms  </system-out>
  <testcase classname="com.magento.rough.TestPageInteractiveForProducts" name="productPageInteractive" time="44.394"/>
  <system-out>
Product : 2.5x2.5 Social Cards  WaitTillPageReadyState for Product : 2.5x2.5 Social Cards  <-----> 1st Visit  Timer  : 12426 ms WaitTillPageReadyState for Product : 2.5x2.5 Social Cards  <-----> 2nd Visit Timer  : 2276 ms  </system-out>
  <testcase classname="com.magento.rough.TestPageInteractiveForProducts" name="productPageInteractive" time="47.756"/>
  <system-out>
Product : EDDM Postcards Print Only WaitTillPageReadyState for Product : EDDM Postcards Print Only <-----> 1st Visit  Timer  : 11783 ms WaitTillPageReadyState for Product : EDDM Postcards Print Only <-----> 2nd Visit Timer  : 3319 ms  </system-out>
  <testcase classname="com.magento.rough.TestPageInteractiveForProducts" name="productPageInteractive" time="43.873"/>
  <system-out>
Product : Foil Worx Hang Tags WaitTillPageReadyState for Product : Foil Worx Hang Tags <-----> 1st Visit  Timer  : 11001 ms WaitTillPageReadyState for Product : Foil Worx Hang Tags <-----> 2nd Visit Timer  : 4016 ms  </system-out>
  <testcase classname="com.magento.rough.TestPageInteractiveForProducts" name="productPageInteractive" time="43.391"/>
  <system-out>
Product : Oval Magnets WaitTillPageReadyState for Product : Oval Magnets <-----> 1st Visit  Timer  : 10586 ms WaitTillPageReadyState for Product : Oval Magnets <-----> 2nd Visit Timer  : 1702 ms  </system-out>
  <testcase classname="com.magento.rough.TestPageInteractiveForProducts" name="productPageInteractive" time="42.572"/>
  <system-out>
Product : Natural Postcards WaitTillPageReadyState for Product : Natural Postcards <-----> 1st Visit  Timer  : 11605 ms WaitTillPageReadyState for Product : Natural Postcards <-----> 2nd Visit Timer  : 2599 ms  </system-out>
  <testcase classname="com.magento.rough.TestPageInteractiveForProducts" name="productPageInteractive" time="42.694"/>
  <system-out>
Product : Akuafoil Sell Sheets WaitTillPageReadyState for Product : Akuafoil Sell Sheets <-----> 1st Visit  Timer  : 12218 ms WaitTillPageReadyState for Product : Akuafoil Sell Sheets <-----> 2nd Visit Timer  : 1305 ms  </system-out>
  <testcase classname="com.magento.rough.TestPageInteractiveForProducts" name="productPageInteractive" time="51.609"/>
  <system-out>
Product : Silk Greeting Cards WaitTillPageReadyState for Product : Silk Greeting Cards <-----> 1st Visit  Timer  : 12159 ms WaitTillPageReadyState for Product : Silk Greeting Cards <-----> 2nd Visit Timer  : 4032 ms  </system-out>
  <testcase classname="com.magento.rough.TestPageInteractiveForProducts" name="productPageInteractive" time="46.020"/>
  <system-out>
Product : Aluminium Floor Graphics WaitTillPageReadyState for Product : Aluminium Floor Graphics <-----> 1st Visit  Timer  : 13627 ms WaitTillPageReadyState for Product : Aluminium Floor Graphics <-----> 2nd Visit Timer  : 1421 ms  </system-out>
  <testcase classname="com.magento.rough.TestPageInteractiveForProducts" name="productPageInteractive" time="44.987"/>
  <system-out>
Product : Linen Notepads WaitTillPageReadyState for Product : Linen Notepads <-----> 1st Visit  Timer  : 11892 ms WaitTillPageReadyState for Product : Linen Notepads <-----> 2nd Visit Timer  : 2051 ms  </system-out>
  <testcase classname="com.magento.rough.TestPageInteractiveForProducts" name="productPageInteractive" time="44.344"/>
  <system-out>
Product : Adhesive Vinyl Bumper Sticker  WaitTillPageReadyState for Product : Adhesive Vinyl Bumper Sticker  <-----> 1st Visit  Timer  : 11188 ms WaitTillPageReadyState for Product : Adhesive Vinyl Bumper Sticker  <-----> 2nd Visit Timer  : 2226 ms  </system-out>
  <testcase classname="com.magento.rough.TestPageInteractiveForProducts" name="productPageInteractive" time="48.043"/>
  <system-out>
Product : Hard-Cover Calendars WaitTillPageReadyState for Product : Hard-Cover Calendars <-----> 1st Visit  Timer  : 12725 ms WaitTillPageReadyState for Product : Hard-Cover Calendars <-----> 2nd Visit Timer  : 1975 ms  </system-out>
  <testcase classname="com.magento.rough.TestPageInteractiveForProducts" name="productPageInteractive" time="46.537"/>
  <system-out>
Product : Akuafoil Business Cards WaitTillPageReadyState for Product : Akuafoil Business Cards <-----> 1st Visit  Timer  : 10617 ms WaitTillPageReadyState for Product : Akuafoil Business Cards <-----> 2nd Visit Timer  : 4751 ms  </system-out>
  <testcase classname="com.magento.rough.TestPageInteractiveForProducts" name="productPageInteractive" time="49.936"/>
  <system-out>
Product : Akuafoil Postcards WaitTillPageReadyState for Product : Akuafoil Postcards <-----> 1st Visit  Timer  : 11455 ms WaitTillPageReadyState for Product : Akuafoil Postcards <-----> 2nd Visit Timer  : 3090 ms  </system-out>
  <testcase classname="com.magento.rough.TestPageInteractiveForProducts" name="productPageInteractive" time="44.964"/>
  <system-out>
Product : Brown Kraft Announcement Cards WaitTillPageReadyState for Product : Brown Kraft Announcement Cards <-----> 1st Visit  Timer  : 11478 ms WaitTillPageReadyState for Product : Brown Kraft Announcement Cards <-----> 2nd Visit Timer  : 2685 ms  </system-out>
  <testcase classname="com.magento.rough.TestPageInteractiveForProducts" name="productPageInteractive" time="44.986"/>
  <system-out>
Product : Akuafoil Greeting Cards WaitTillPageReadyState for Product : Akuafoil Greeting Cards <-----> 1st Visit  Timer  : 13661 ms WaitTillPageReadyState for Product : Akuafoil Greeting Cards <-----> 2nd Visit Timer  : 2685 ms  </system-out>
  <testcase classname="com.magento.rough.TestPageInteractiveForProducts" name="productPageInteractive" time="49.053"/>
  <system-out>
Product : EndurACE Business Cards WaitTillPageReadyState for Product : EndurACE Business Cards <-----> 1st Visit  Timer  : 13176 ms WaitTillPageReadyState for Product : EndurACE Business Cards <-----> 2nd Visit Timer  : 3358 ms  </system-out>
  <testcase classname="com.magento.rough.TestPageInteractiveForProducts" name="productPageInteractive" time="42.815"/>
  <system-out>
Product : Square Business Cards WaitTillPageReadyState for Product : Square Business Cards <-----> 1st Visit  Timer  : 10939 ms WaitTillPageReadyState for Product : Square Business Cards <-----> 2nd Visit Timer  : 2534 ms  </system-out>
  <testcase classname="com.magento.rough.TestPageInteractiveForProducts" name="productPageInteractive" time="49.305"/>
  <system-out>
Product : Silk Business Cards WaitTillPageReadyState for Product : Silk Business Cards <-----> 1st Visit  Timer  : 14484 ms WaitTillPageReadyState for Product : Silk Business Cards <-----> 2nd Visit Timer  : 3343 ms  </system-out>
  <testcase classname="com.magento.rough.TestPageInteractiveForProducts" name="productPageInteractive" time="43.869"/>
  <system-out>
Product : Standard Magnets (no coating) WaitTillPageReadyState for Product : Standard Magnets (no coating) <-----> 1st Visit  Timer  : 10409 ms WaitTillPageReadyState for Product : Standard Magnets (no coating) <-----> 2nd Visit Timer  : 2272 ms  </system-out>
  <testcase classname="com.magento.rough.TestPageInteractiveForProducts" name="productPageInteractive" time="56.329"/>
  <system-out>
Product : Custom Roll Labels WaitTillPageReadyState for Product : Custom Roll Labels <-----> 1st Visit  Timer  : 13205 ms WaitTillPageReadyState for Product : Custom Roll Labels <-----> 2nd Visit Timer  : 3539 ms  </system-out>
  <testcase classname="com.magento.rough.TestPageInteractiveForProducts" name="productPageInteractive" time="54.972"/>
  <system-out>
Product : Offset Envelopes WaitTillPageReadyState for Product : Offset Envelopes <-----> 1st Visit  Timer  : 12100 ms WaitTillPageReadyState for Product : Offset Envelopes <-----> 2nd Visit Timer  : 3452 ms  </system-out>
  <testcase classname="com.magento.rough.TestPageInteractiveForProducts" name="productPageInteractive" time="47.907"/>
  <system-out>
Product : Pole Flags WaitTillPageReadyState for Product : Pole Flags <-----> 1st Visit  Timer  : 11468 ms WaitTillPageReadyState for Product : Pole Flags <-----> 2nd Visit Timer  : 2010 ms  </system-out>
  <testcase classname="com.magento.rough.TestPageInteractiveForProducts" name="productPageInteractive" time="42.532"/>
  <system-out>
Product : Regular Hang Tags WaitTillPageReadyState for Product : Regular Hang Tags <-----> 1st Visit  Timer  : 12355 ms WaitTillPageReadyState for Product : Regular Hang Tags <-----> 2nd Visit Timer  : 2271 ms  </system-out>
  <testcase classname="com.magento.rough.TestPageInteractiveForProducts" name="productPageInteractive" time="44.755"/>
  <system-out>
Product : Standard retractable Banner Stands WaitTillPageReadyState for Product : Standard retractable Banner Stands <-----> 1st Visit  Timer  : 11331 ms WaitTillPageReadyState for Product : Standard retractable Banner Stands <-----> 2nd Visit Timer  : 2000 ms  </system-out>
  <testcase classname="com.magento.rough.TestPageInteractiveForProducts" name="productPageInteractive" time="48.983"/>
  <system-out>
Product : Suede Greeting Cards WaitTillPageReadyState for Product : Suede Greeting Cards <-----> 1st Visit  Timer  : 13013 ms WaitTillPageReadyState for Product : Suede Greeting Cards <-----> 2nd Visit Timer  : 3745 ms  </system-out>
  <testcase classname="com.magento.rough.TestPageInteractiveForProducts" name="productPageInteractive" time="43.492"/>
  <system-out>
Product : Silk Hang Tags WaitTillPageReadyState for Product : Silk Hang Tags <-----> 1st Visit  Timer  : 11656 ms WaitTillPageReadyState for Product : Silk Hang Tags <-----> 2nd Visit Timer  : 2379 ms  </system-out>
  <testcase classname="com.magento.rough.TestPageInteractiveForProducts" name="productPageInteractive" time="41.359"/>
  <system-out>
Product : Blockout Posters WaitTillPageReadyState for Product : Blockout Posters <-----> 1st Visit  Timer  : 9895 ms WaitTillPageReadyState for Product : Blockout Posters <-----> 2nd Visit Timer  : 1688 ms  </system-out>
  <testcase classname="com.magento.rough.TestPageInteractiveForProducts" name="productPageInteractive" time="45.047"/>
  <system-out>
Product : Luster Sell Sheets WaitTillPageReadyState for Product : Luster Sell Sheets <-----> 1st Visit  Timer  : 11756 ms WaitTillPageReadyState for Product : Luster Sell Sheets <-----> 2nd Visit Timer  : 3073 ms  </system-out>
  <testcase classname="com.magento.rough.TestPageInteractiveForProducts" name="productPageInteractive" time="45.261"/>
  <system-out>
Product : Silk Bookmarks WaitTillPageReadyState for Product : Silk Bookmarks <-----> 1st Visit  Timer  : 10866 ms WaitTillPageReadyState for Product : Silk Bookmarks <-----> 2nd Visit Timer  : 2444 ms  </system-out>
  <testcase classname="com.magento.rough.TestPageInteractiveForProducts" name="productPageInteractive" time="53.036"/>
  <system-out>
Product : Clear BOPP Roll Labels WaitTillPageReadyState for Product : Clear BOPP Roll Labels <-----> 1st Visit  Timer  : 16139 ms WaitTillPageReadyState for Product : Clear BOPP Roll Labels <-----> 2nd Visit Timer  : 6636 ms  </system-out>
  <testcase classname="com.magento.rough.TestPageInteractiveForProducts" name="productPageInteractive" time="42.718"/>
  <system-out>
Product : Direct Mail Flyers and Brochures Coated WaitTillPageReadyState for Product : Direct Mail Flyers and Brochures Coated <-----> 1st Visit  Timer  : 12784 ms WaitTillPageReadyState for Product : Direct Mail Flyers and Brochures Coated <-----> 2nd Visit Timer  : 2811 ms  </system-out>
  <testcase classname="com.magento.rough.TestPageInteractiveForProducts" name="productPageInteractive" time="44.100"/>
  <system-out>
Product : 100lb Cover Linen Greeting Cards WaitTillPageReadyState for Product : 100lb Cover Linen Greeting Cards <-----> 1st Visit  Timer  : 10218 ms WaitTillPageReadyState for Product : 100lb Cover Linen Greeting Cards <-----> 2nd Visit Timer  : 1799 ms  </system-out>
  <testcase classname="com.magento.rough.TestPageInteractiveForProducts" name="productPageInteractive" time="35.881"/>
  <system-out>
Product : Premium Opaque Uncoated Booklets WaitTillPageReadyState for Product : Premium Opaque Uncoated Booklets <-----> 1st Visit  Timer  : 10824 ms WaitTillPageReadyState for Product : Premium Opaque Uncoated Booklets <-----> 2nd Visit Timer  : 1865 ms  </system-out>
  <testcase classname="com.magento.rough.TestPageInteractiveForProducts" name="productPageInteractive" time="37.048"/>
  <system-out>
Product : 3-part Form Pads w Wraparound Cover WaitTillPageReadyState for Product : 3-part Form Pads w Wraparound Cover <-----> 1st Visit  Timer  : 7242 ms WaitTillPageReadyState for Product : 3-part Form Pads w Wraparound Cover <-----> 2nd Visit Timer  : 3004 ms  </system-out>
  <testcase classname="com.magento.rough.TestPageInteractiveForProducts" name="productPageInteractive" time="41.230"/>
  <system-out>
Product : Silk Presentation Folder WaitTillPageReadyState for Product : Silk Presentation Folder <-----> 1st Visit  Timer  : 11273 ms WaitTillPageReadyState for Product : Silk Presentation Folder <-----> 2nd Visit Timer  : 3037 ms  </system-out>
  <testcase classname="com.magento.rough.TestPageInteractiveForProducts" name="productPageInteractive" time="46.744"/>
  <system-out>
Product : Round 2 Corner Business Cards WaitTillPageReadyState for Product : Round 2 Corner Business Cards <-----> 1st Visit  Timer  : 11692 ms WaitTillPageReadyState for Product : Round 2 Corner Business Cards <-----> 2nd Visit Timer  : 4661 ms  </system-out>
  <testcase classname="com.magento.rough.TestPageInteractiveForProducts" name="productPageInteractive" time="41.885"/>
  <system-out>
Product : 2x8 Bookmarks WaitTillPageReadyState for Product : 2x8 Bookmarks <-----> 1st Visit  Timer  : 9667 ms WaitTillPageReadyState for Product : 2x8 Bookmarks <-----> 2nd Visit Timer  : 2562 ms  </system-out>
  <testcase classname="com.magento.rough.TestPageInteractiveForProducts" name="productPageInteractive" time="40.248"/>
  <system-out>
Product : Variable Numbering Event Tickets WaitTillPageReadyState for Product : Variable Numbering Event Tickets <-----> 1st Visit  Timer  : 10373 ms WaitTillPageReadyState for Product : Variable Numbering Event Tickets <-----> 2nd Visit Timer  : 2718 ms  </system-out>
  <testcase classname="com.magento.rough.TestPageInteractiveForProducts" name="productPageInteractive" time="46.225"/>
  <system-out>
Product : Natural Menus WaitTillPageReadyState for Product : Natural Menus <-----> 1st Visit  Timer  : 11147 ms WaitTillPageReadyState for Product : Natural Menus <-----> 2nd Visit Timer  : 1771 ms  </system-out>
  <testcase classname="com.magento.rough.TestPageInteractiveForProducts" name="productPageInteractive" time="53.433"/>
  <system-out>
Product : Premium Opaque Notepads WaitTillPageReadyState for Product : Premium Opaque Notepads <-----> 1st Visit  Timer  : 13541 ms WaitTillPageReadyState for Product : Premium Opaque Notepads <-----> 2nd Visit Timer  : 4250 ms  </system-out>
  <testcase classname="com.magento.rough.TestPageInteractiveForProducts" name="productPageInteractive" time="46.813"/>
  <system-out>
Product : Header Cards WaitTillPageReadyState for Product : Header Cards <-----> 1st Visit  Timer  : 13417 ms WaitTillPageReadyState for Product : Header Cards <-----> 2nd Visit Timer  : 2897 ms  </system-out>
  <testcase classname="com.magento.rough.TestPageInteractiveForProducts" name="productPageInteractive" time="39.296"/>
  <system-out>
Product : Brown Kraft Trading Cards WaitTillPageReadyState for Product : Brown Kraft Trading Cards <-----> 1st Visit  Timer  : 10624 ms WaitTillPageReadyState for Product : Brown Kraft Trading Cards <-----> 2nd Visit Timer  : 2060 ms  </system-out>
  <testcase classname="com.magento.rough.TestPageInteractiveForProducts" name="productPageInteractive" time="43.019"/>
  <system-out>
Product : Akuafoil Rack Cards WaitTillPageReadyState for Product : Akuafoil Rack Cards <-----> 1st Visit  Timer  : 11458 ms WaitTillPageReadyState for Product : Akuafoil Rack Cards <-----> 2nd Visit Timer  : 2007 ms  </system-out>
  <testcase classname="com.magento.rough.TestPageInteractiveForProducts" name="productPageInteractive" time="52.328"/>
  <system-out>
Product : Buttons WaitTillPageReadyState for Product : Buttons <-----> 1st Visit  Timer  : 14696 ms WaitTillPageReadyState for Product : Buttons <-----> 2nd Visit Timer  : 3225 ms  </system-out>
  <testcase classname="com.magento.rough.TestPageInteractiveForProducts" name="productPageInteractive" time="46.531"/>
  <system-out>
Product : Magnet Postcards WaitTillPageReadyState for Product : Magnet Postcards <-----> 1st Visit  Timer  : 11779 ms WaitTillPageReadyState for Product : Magnet Postcards <-----> 2nd Visit Timer  : 2044 ms  </system-out>
  <testcase classname="com.magento.rough.TestPageInteractiveForProducts" name="productPageInteractive" time="48.101"/>
  <system-out>
Product : Aluminum Dye Sub WaitTillPageReadyState for Product : Aluminum Dye Sub <-----> 1st Visit  Timer  : 10448 ms WaitTillPageReadyState for Product : Aluminum Dye Sub <-----> 2nd Visit Timer  : 2773 ms  </system-out>
  <testcase classname="com.magento.rough.TestPageInteractiveForProducts" name="productPageInteractive" time="42.107"/>
  <system-out>
Product : Plastic Business Cards WaitTillPageReadyState for Product : Plastic Business Cards <-----> 1st Visit  Timer  : 10078 ms WaitTillPageReadyState for Product : Plastic Business Cards <-----> 2nd Visit Timer  : 3083 ms  </system-out>
  <testcase classname="com.magento.rough.TestPageInteractiveForProducts" name="productPageInteractive" time="39.143"/>
  <system-out>
Product : EDDM Full Service - Sell Sheets WaitTillPageReadyState for Product : EDDM Full Service - Sell Sheets <-----> 1st Visit  Timer  : 11554 ms WaitTillPageReadyState for Product : EDDM Full Service - Sell Sheets <-----> 2nd Visit Timer  : 1093 ms  </system-out>
  <testcase classname="com.magento.rough.TestPageInteractiveForProducts" name="productPageInteractive" time="42.174"/>
  <system-out>
Product : 2.75X8.5 Bookmarks WaitTillPageReadyState for Product : 2.75X8.5 Bookmarks <-----> 1st Visit  Timer  : 11028 ms WaitTillPageReadyState for Product : 2.75X8.5 Bookmarks <-----> 2nd Visit Timer  : 2880 ms  </system-out>
  <testcase classname="com.magento.rough.TestPageInteractiveForProducts" name="productPageInteractive" time="53.513"/>
  <system-out>
Product : 9x12 Presentation Folder WaitTillPageReadyState for Product : 9x12 Presentation Folder <-----> 1st Visit  Timer  : 12619 ms WaitTillPageReadyState for Product : 9x12 Presentation Folder <-----> 2nd Visit Timer  : 4577 ms  </system-out>
  <testcase classname="com.magento.rough.TestPageInteractiveForProducts" name="productPageInteractive" time="87.982">
    <failure message="expected [true] but found [false]" type="java.lang.AssertionError">
      <![CDATA[java.lang.AssertionError: expected [true] but found [false]
at org.testng.Assert.fail(Assert.java:99)
at org.testng.Assert.failNotEquals(Assert.java:1037)
at org.testng.Assert.assertTrue(Assert.java:45)
at org.testng.Assert.assertTrue(Assert.java:55)
at com.magento.reusableComponents.CommonUtilities.sendKeys_custom(CommonUtilities.java:45)
at com.magento.pages.BasePage.enterEmail(BasePage.java:80)
at com.magento.pages.BasePage.loginFromHeader(BasePage.java:107)
at com.magento.rough.TestPageInteractiveForProducts.productPageInteractive(TestPageInteractiveForProducts.java:37)
at jdk.internal.reflect.GeneratedMethodAccessor4.invoke(Unknown Source)
at java.base/jdk.internal.reflect.DelegatingMethodAccessorImpl.invoke(DelegatingMethodAccessorImpl.java:43)
at java.base/java.lang.reflect.Method.invoke(Method.java:564)
at org.testng.internal.MethodInvocationHelper.invokeMethod(MethodInvocationHelper.java:132)
at org.testng.internal.TestInvoker.invokeMethod(TestInvoker.java:599)
at org.testng.internal.TestInvoker.invokeTestMethod(TestInvoker.java:174)
at org.testng.internal.MethodRunner.runInSequence(MethodRunner.java:46)
at org.testng.internal.TestInvoker$MethodInvocationAgent.invoke(TestInvoker.java:822)
at org.testng.internal.TestInvoker.invokeTestMethods(TestInvoker.java:147)
at org.testng.internal.TestMethodWorker.invokeTestMethods(TestMethodWorker.java:146)
at org.testng.internal.TestMethodWorker.run(TestMethodWorker.java:128)
at java.base/java.util.ArrayList.forEach(ArrayList.java:1511)
at org.testng.TestRunner.privateRun(TestRunner.java:764)
at org.testng.TestRunner.run(TestRunner.java:585)
at org.testng.SuiteRunner.runTest(SuiteRunner.java:384)
at org.testng.SuiteRunner.access$000(SuiteRunner.java:28)
at org.testng.SuiteRunner$SuiteWorker.run(SuiteRunner.java:425)
at org.testng.internal.thread.ThreadUtil.lambda$execute$0(ThreadUtil.java:66)
at java.base/java.util.concurrent.FutureTask.run(FutureTask.java:264)
at java.base/java.util.concurrent.ThreadPoolExecutor.runWorker(ThreadPoolExecutor.java:1130)
at java.base/java.util.concurrent.ThreadPoolExecutor$Worker.run(ThreadPoolExecutor.java:630)
at java.base/java.lang.Thread.run(Thread.java:832)
]]>
    </failure>
  </testcase> <!-- productPageInteractive -->
  <system-out>
Product : Direct Mail Letterhead  </system-out>
  <testcase classname="com.magento.rough.TestPageInteractiveForProducts" name="productPageInteractive" time="41.519"/>
  <system-out>
Product : Half-Fold Brochures WaitTillPageReadyState for Product : Half-Fold Brochures <-----> 1st Visit  Timer  : 12752 ms WaitTillPageReadyState for Product : Half-Fold Brochures <-----> 2nd Visit Timer  : 3318 ms  </system-out>
  <testcase classname="com.magento.rough.TestPageInteractiveForProducts" name="productPageInteractive" time="53.719"/>
  <system-out>
Product : Natural Business Cards WaitTillPageReadyState for Product : Natural Business Cards <-----> 1st Visit  Timer  : 13648 ms WaitTillPageReadyState for Product : Natural Business Cards <-----> 2nd Visit Timer  : 2051 ms  </system-out>
  <testcase classname="com.magento.rough.TestPageInteractiveForProducts" name="productPageInteractive" time="105.095"/>
  <system-out>
Product : Bright Silver Roll Labels WaitTillPageReadyState for Product : Bright Silver Roll Labels <-----> 1st Visit  Timer  : 26652 ms WaitTillPageReadyState for Product : Bright Silver Roll Labels <-----> 2nd Visit Timer  : 44488 ms  </system-out>
  <testcase classname="com.magento.rough.TestPageInteractiveForProducts" name="productPageInteractive" time="39.860"/>
  <system-out>
Product : Raised Spot UV Hang Tags WaitTillPageReadyState for Product : Raised Spot UV Hang Tags <-----> 1st Visit  Timer  : 9469 ms WaitTillPageReadyState for Product : Raised Spot UV Hang Tags <-----> 2nd Visit Timer  : 2109 ms  </system-out>
  <testcase classname="com.magento.rough.TestPageInteractiveForProducts" name="productPageInteractive" time="39.627"/>
  <system-out>
Product : Luster Bookmarks WaitTillPageReadyState for Product : Luster Bookmarks <-----> 1st Visit  Timer  : 10241 ms WaitTillPageReadyState for Product : Luster Bookmarks <-----> 2nd Visit Timer  : 1958 ms  </system-out>
  <testcase classname="com.magento.rough.TestPageInteractiveForProducts" name="productPageInteractive" time="44.083"/>
  <system-out>
Product : Akuafoil Announcement Cards WaitTillPageReadyState for Product : Akuafoil Announcement Cards <-----> 1st Visit  Timer  : 9745 ms WaitTillPageReadyState for Product : Akuafoil Announcement Cards <-----> 2nd Visit Timer  : 4136 ms  </system-out>
  <testcase classname="com.magento.rough.TestPageInteractiveForProducts" name="productPageInteractive" time="39.966"/>
  <system-out>
Product : Black Edge Bookmarks WaitTillPageReadyState for Product : Black Edge Bookmarks <-----> 1st Visit  Timer  : 10722 ms WaitTillPageReadyState for Product : Black Edge Bookmarks <-----> 2nd Visit Timer  : 1788 ms  </system-out>
  <testcase classname="com.magento.rough.TestPageInteractiveForProducts" name="productPageInteractive" time="44.926"/>
  <system-out>
Product : Gloss Booklets WaitTillPageReadyState for Product : Gloss Booklets <-----> 1st Visit  Timer  : 12274 ms WaitTillPageReadyState for Product : Gloss Booklets <-----> 2nd Visit Timer  : 2561 ms  </system-out>
  <testcase classname="com.magento.rough.TestPageInteractiveForProducts" name="productPageInteractive" time="129.839"/>
  <system-out>
Product : SemiGloss Roll Labels WaitTillPageReadyState for Product : SemiGloss Roll Labels <-----> 1st Visit  Timer  : 72616 ms WaitTillPageReadyState for Product : SemiGloss Roll Labels <-----> 2nd Visit Timer  : 5736 ms  </system-out>
  <testcase classname="com.magento.rough.TestPageInteractiveForProducts" name="productPageInteractive" time="43.377"/>
  <system-out>
Product : Tearoff Door Hangers WaitTillPageReadyState for Product : Tearoff Door Hangers <-----> 1st Visit  Timer  : 9621 ms WaitTillPageReadyState for Product : Tearoff Door Hangers <-----> 2nd Visit Timer  : 2024 ms  </system-out>
  <testcase classname="com.magento.rough.TestPageInteractiveForProducts" name="productPageInteractive" time="39.775"/>
  <system-out>
Product : Blank Letterheads WaitTillPageReadyState for Product : Blank Letterheads <-----> 1st Visit  Timer  : 10680 ms WaitTillPageReadyState for Product : Blank Letterheads <-----> 2nd Visit Timer  : 1283 ms  </system-out>
  <testcase classname="com.magento.rough.TestPageInteractiveForProducts" name="productPageInteractive" time="47.169"/>
  <system-out>
Product : Akuafoil Business Card Boxes WaitTillPageReadyState for Product : Akuafoil Business Card Boxes <-----> 1st Visit  Timer  : 13036 ms WaitTillPageReadyState for Product : Akuafoil Business Card Boxes <-----> 2nd Visit Timer  : 1660 ms  </system-out>
  <testcase classname="com.magento.rough.TestPageInteractiveForProducts" name="productPageInteractive" time="43.682"/>
  <system-out>
Product : Direct Mail Specialty Folds Flyers and Brochures WaitTillPageReadyState for Product : Direct Mail Specialty Folds Flyers and Brochures <-----> 1st Visit  Timer  : 13038 ms WaitTillPageReadyState for Product : Direct Mail Specialty Folds Flyers and Brochures <-----> 2nd Visit Timer  : 1992 ms  </system-out>
  <testcase classname="com.magento.rough.TestPageInteractiveForProducts" name="productPageInteractive" time="43.483"/>
  <system-out>
Product : Standard Door Hangers WaitTillPageReadyState for Product : Standard Door Hangers <-----> 1st Visit  Timer  : 12874 ms WaitTillPageReadyState for Product : Standard Door Hangers <-----> 2nd Visit Timer  : 2963 ms  </system-out>
  <testcase classname="com.magento.rough.TestPageInteractiveForProducts" name="productPageInteractive" time="41.402"/>
  <system-out>
Product : Pearl Metallic Envelopes WaitTillPageReadyState for Product : Pearl Metallic Envelopes <-----> 1st Visit  Timer  : 11868 ms WaitTillPageReadyState for Product : Pearl Metallic Envelopes <-----> 2nd Visit Timer  : 1995 ms  </system-out>
  <testcase classname="com.magento.rough.TestPageInteractiveForProducts" name="productPageInteractive" time="47.619"/>
  <system-out>
Product : Foil Worx Trading Cards WaitTillPageReadyState for Product : Foil Worx Trading Cards <-----> 1st Visit  Timer  : 10845 ms WaitTillPageReadyState for Product : Foil Worx Trading Cards <-----> 2nd Visit Timer  : 2915 ms  </system-out>
  <testcase classname="com.magento.rough.TestPageInteractiveForProducts" name="productPageInteractive" time="47.405"/>
  <system-out>
Product : PVC Signs WaitTillPageReadyState for Product : PVC Signs <-----> 1st Visit  Timer  : 11026 ms WaitTillPageReadyState for Product : PVC Signs <-----> 2nd Visit Timer  : 1359 ms  </system-out>
  <testcase classname="com.magento.rough.TestPageInteractiveForProducts" name="productPageInteractive" time="44.323"/>
  <system-out>
Product : Banner Stand and Parts WaitTillPageReadyState for Product : Banner Stand and Parts <-----> 1st Visit  Timer  : 9875 ms WaitTillPageReadyState for Product : Banner Stand and Parts <-----> 2nd Visit Timer  : 2037 ms  </system-out>
  <testcase classname="com.magento.rough.TestPageInteractiveForProducts" name="productPageInteractive" time="45.876"/>
  <system-out>
Product : 100lb Gloss Cover Greeting Cards WaitTillPageReadyState for Product : 100lb Gloss Cover Greeting Cards <-----> 1st Visit  Timer  : 12191 ms WaitTillPageReadyState for Product : 100lb Gloss Cover Greeting Cards <-----> 2nd Visit Timer  : 2150 ms  </system-out>
  <testcase classname="com.magento.rough.TestPageInteractiveForProducts" name="productPageInteractive" time="152.325"/>
  <system-out>
Product : Round 4 Corner Business Cards WaitTillPageReadyState for Product : Round 4 Corner Business Cards <-----> 1st Visit  Timer  : 11893 ms WaitTillPageReadyState for Product : Round 4 Corner Business Cards <-----> 2nd Visit Timer  : 3630 ms  </system-out>
  <testcase classname="com.magento.rough.TestPageInteractiveForProducts" name="productPageInteractive" time="44.861"/>
  <system-out>
Product : Black Edge Hang Tags WaitTillPageReadyState for Product : Black Edge Hang Tags <-----> 1st Visit  Timer  : 10982 ms WaitTillPageReadyState for Product : Black Edge Hang Tags <-----> 2nd Visit Timer  : 2046 ms  </system-out>
  <testcase classname="com.magento.rough.TestPageInteractiveForProducts" name="productPageInteractive" time="40.826"/>
  <system-out>
Product : 9x14.5 Presentation Folder WaitTillPageReadyState for Product : 9x14.5 Presentation Folder <-----> 1st Visit  Timer  : 9591 ms WaitTillPageReadyState for Product : 9x14.5 Presentation Folder <-----> 2nd Visit Timer  : 1923 ms  </system-out>
  <testcase classname="com.magento.rough.TestPageInteractiveForProducts" name="productPageInteractive" time="48.591"/>
  <system-out>
Product : 14pt Trading Cards WaitTillPageReadyState for Product : 14pt Trading Cards <-----> 1st Visit  Timer  : 10160 ms WaitTillPageReadyState for Product : 14pt Trading Cards <-----> 2nd Visit Timer  : 2102 ms  </system-out>
  <testcase classname="com.magento.rough.TestPageInteractiveForProducts" name="productPageInteractive" time="48.787"/>
  <system-out>
Product : Standard Business Cards WaitTillPageReadyState for Product : Standard Business Cards <-----> 1st Visit  Timer  : 12021 ms WaitTillPageReadyState for Product : Standard Business Cards <-----> 2nd Visit Timer  : 3872 ms  </system-out>
  <testcase classname="com.magento.rough.TestPageInteractiveForProducts" name="productPageInteractive" time="42.623"/>
  <system-out>
Product : Telescopic Backdrop Banner Stands WaitTillPageReadyState for Product : Telescopic Backdrop Banner Stands <-----> 1st Visit  Timer  : 10711 ms WaitTillPageReadyState for Product : Telescopic Backdrop Banner Stands <-----> 2nd Visit Timer  : 2294 ms  </system-out>
  <testcase classname="com.magento.rough.TestPageInteractiveForProducts" name="productPageInteractive" time="47.736"/>
  <system-out>
Product : Men's Premium Short Sleeve T-Shirts WaitTillPageReadyState for Product : Men's Premium Short Sleeve T-Shirts <-----> 1st Visit  Timer  : 11911 ms WaitTillPageReadyState for Product : Men's Premium Short Sleeve T-Shirts <-----> 2nd Visit Timer  : 2262 ms  </system-out>
  <testcase classname="com.magento.rough.TestPageInteractiveForProducts" name="productPageInteractive" time="50.672"/>
  <system-out>
Product : Packaging Products Samples WaitTillPageReadyState for Product : Packaging Products Samples <-----> 1st Visit  Timer  : 12441 ms WaitTillPageReadyState for Product : Packaging Products Samples <-----> 2nd Visit Timer  : 5533 ms  </system-out>
  <testcase classname="com.magento.rough.TestPageInteractiveForProducts" name="productPageInteractive" time="43.832"/>
  <system-out>
Product : Pearl Greeting Cards WaitTillPageReadyState for Product : Pearl Greeting Cards <-----> 1st Visit  Timer  : 12262 ms WaitTillPageReadyState for Product : Pearl Greeting Cards <-----> 2nd Visit Timer  : 1719 ms  </system-out>
  <testcase classname="com.magento.rough.TestPageInteractiveForProducts" name="productPageInteractive" time="48.506"/>
  <system-out>
Product : Low Tack Vinyl Wall Decals WaitTillPageReadyState for Product : Low Tack Vinyl Wall Decals <-----> 1st Visit  Timer  : 11104 ms WaitTillPageReadyState for Product : Low Tack Vinyl Wall Decals <-----> 2nd Visit Timer  : 2145 ms  </system-out>
  <testcase classname="com.magento.rough.TestPageInteractiveForProducts" name="productPageInteractive" time="49.865"/>
  <system-out>
Product : Women's Premium Long Sleeve T-Shirts WaitTillPageReadyState for Product : Women's Premium Long Sleeve T-Shirts <-----> 1st Visit  Timer  : 13592 ms WaitTillPageReadyState for Product : Women's Premium Long Sleeve T-Shirts <-----> 2nd Visit Timer  : 2478 ms  </system-out>
  <testcase classname="com.magento.rough.TestPageInteractiveForProducts" name="productPageInteractive" time="46.855"/>
  <system-out>
Product : Coroplast Signs WaitTillPageReadyState for Product : Coroplast Signs <-----> 1st Visit  Timer  : 11813 ms WaitTillPageReadyState for Product : Coroplast Signs <-----> 2nd Visit Timer  : 2383 ms  </system-out>
  <testcase classname="com.magento.rough.TestPageInteractiveForProducts" name="productPageInteractive" time="41.075"/>
  <system-out>
Product : 100lb Cover Linen Trading Cards WaitTillPageReadyState for Product : 100lb Cover Linen Trading Cards <-----> 1st Visit  Timer  : 11771 ms WaitTillPageReadyState for Product : 100lb Cover Linen Trading Cards <-----> 2nd Visit Timer  : 1388 ms  </system-out>
  <testcase classname="com.magento.rough.TestPageInteractiveForProducts" name="productPageInteractive" time="50.946"/>
  <system-out>
Product : Cube Boxes WaitTillPageReadyState for Product : Cube Boxes <-----> 1st Visit  Timer  : 11716 ms WaitTillPageReadyState for Product : Cube Boxes <-----> 2nd Visit Timer  : 1856 ms  </system-out>
  <testcase classname="com.magento.rough.TestPageInteractiveForProducts" name="productPageInteractive" time="44.791"/>
  <system-out>
Product : Raised Spot UV Postcards WaitTillPageReadyState for Product : Raised Spot UV Postcards <-----> 1st Visit  Timer  : 11672 ms WaitTillPageReadyState for Product : Raised Spot UV Postcards <-----> 2nd Visit Timer  : 2472 ms  </system-out>
  <testcase classname="com.magento.rough.TestPageInteractiveForProducts" name="productPageInteractive" time="48.664"/>
  <system-out>
Product : Standard Greeting Cards WaitTillPageReadyState for Product : Standard Greeting Cards <-----> 1st Visit  Timer  : 13054 ms WaitTillPageReadyState for Product : Standard Greeting Cards <-----> 2nd Visit Timer  : 1522 ms  </system-out>
  <testcase classname="com.magento.rough.TestPageInteractiveForProducts" name="productPageInteractive" time="49.237"/>
  <system-out>
Product : Men's Tank Top WaitTillPageReadyState for Product : Men's Tank Top <-----> 1st Visit  Timer  : 11927 ms WaitTillPageReadyState for Product : Men's Tank Top <-----> 2nd Visit Timer  : 2193 ms  </system-out>
  <testcase classname="com.magento.rough.TestPageInteractiveForProducts" name="productPageInteractive" time="42.211"/>
  <system-out>
Product : Linen Uncoated Envelopes WaitTillPageReadyState for Product : Linen Uncoated Envelopes <-----> 1st Visit  Timer  : 12068 ms WaitTillPageReadyState for Product : Linen Uncoated Envelopes <-----> 2nd Visit Timer  : 1564 ms  </system-out>
  <testcase classname="com.magento.rough.TestPageInteractiveForProducts" name="productPageInteractive" time="77.694"/>
  <system-out>
Product : 14PT Postcards WaitTillPageReadyState for Product : 14PT Postcards <-----> 1st Visit  Timer  : 21254 ms WaitTillPageReadyState for Product : 14PT Postcards <-----> 2nd Visit Timer  : 12552 ms  </system-out>
  <testcase classname="com.magento.rough.TestPageInteractiveForProducts" name="productPageInteractive" time="52.183"/>
  <system-out>
Product : Raised Spot UV Greeting Cards WaitTillPageReadyState for Product : Raised Spot UV Greeting Cards <-----> 1st Visit  Timer  : 9910 ms WaitTillPageReadyState for Product : Raised Spot UV Greeting Cards <-----> 2nd Visit Timer  : 2921 ms  </system-out>
  <testcase classname="com.magento.rough.TestPageInteractiveForProducts" name="productPageInteractive" time="46.388"/>
  <system-out>
Product : All-inclusive Business Cards WaitTillPageReadyState for Product : All-inclusive Business Cards <-----> 1st Visit  Timer  : 10864 ms WaitTillPageReadyState for Product : All-inclusive Business Cards <-----> 2nd Visit Timer  : 1825 ms  </system-out>
  <testcase classname="com.magento.rough.TestPageInteractiveForProducts" name="productPageInteractive" time="41.177"/>
  <system-out>
Product : 5.25x10.5 Presentation Folder WaitTillPageReadyState for Product : 5.25x10.5 Presentation Folder <-----> 1st Visit  Timer  : 10106 ms WaitTillPageReadyState for Product : 5.25x10.5 Presentation Folder <-----> 2nd Visit Timer  : 2038 ms  </system-out>
  <testcase classname="com.magento.rough.TestPageInteractiveForProducts" name="productPageInteractive" time="64.821"/>
  <system-out>
Product : 18PT Postcards WaitTillPageReadyState for Product : 18PT Postcards <-----> 1st Visit  Timer  : 22889 ms WaitTillPageReadyState for Product : 18PT Postcards <-----> 2nd Visit Timer  : 2880 ms  </system-out>
  <testcase classname="com.magento.rough.TestPageInteractiveForProducts" name="productPageInteractive" time="46.295"/>
  <system-out>
Product : Silk Postcards WaitTillPageReadyState for Product : Silk Postcards <-----> 1st Visit  Timer  : 13791 ms WaitTillPageReadyState for Product : Silk Postcards <-----> 2nd Visit Timer  : 3500 ms  </system-out>
  <testcase classname="com.magento.rough.TestPageInteractiveForProducts" name="productPageInteractive" time="51.791"/>
  <system-out>
Product : Variable Addressing Envelopes WaitTillPageReadyState for Product : Variable Addressing Envelopes <-----> 1st Visit  Timer  : 17367 ms WaitTillPageReadyState for Product : Variable Addressing Envelopes <-----> 2nd Visit Timer  : 3035 ms  </system-out>
  <testcase classname="com.magento.rough.TestPageInteractiveForProducts" name="productPageInteractive" time="50.800"/>
  <system-out>
Product : Fabric Tube Display Hardware WaitTillPageReadyState for Product : Fabric Tube Display Hardware <-----> 1st Visit  Timer  : 13005 ms WaitTillPageReadyState for Product : Fabric Tube Display Hardware <-----> 2nd Visit Timer  : 2634 ms  </system-out>
  <testcase classname="com.magento.rough.TestPageInteractiveForProducts" name="productPageInteractive" time="41.179"/>
  <system-out>
Product : Artist Canvas WaitTillPageReadyState for Product : Artist Canvas <-----> 1st Visit  Timer  : 10902 ms WaitTillPageReadyState for Product : Artist Canvas <-----> 2nd Visit Timer  : 2118 ms  </system-out>
  <testcase classname="com.magento.rough.TestPageInteractiveForProducts" name="productPageInteractive" time="48.813"/>
  <system-out>
Product : Event Tents WaitTillPageReadyState for Product : Event Tents <-----> 1st Visit  Timer  : 12496 ms WaitTillPageReadyState for Product : Event Tents <-----> 2nd Visit Timer  : 2172 ms  </system-out>
  <testcase classname="com.magento.rough.TestPageInteractiveForProducts" name="productPageInteractive" time="43.188"/>
  <system-out>
Product : Standard Clings: Clear WaitTillPageReadyState for Product : Standard Clings: Clear <-----> 1st Visit  Timer  : 12584 ms WaitTillPageReadyState for Product : Standard Clings: Clear <-----> 2nd Visit Timer  : 1370 ms  </system-out>
  <testcase classname="com.magento.rough.TestPageInteractiveForProducts" name="productPageInteractive" time="51.365"/>
  <system-out>
Product : Luster Business Cards WaitTillPageReadyState for Product : Luster Business Cards <-----> 1st Visit  Timer  : 16181 ms WaitTillPageReadyState for Product : Luster Business Cards <-----> 2nd Visit Timer  : 2741 ms  </system-out>
  <testcase classname="com.magento.rough.TestPageInteractiveForProducts" name="productPageInteractive" time="41.267"/>
  <system-out>
Product : Linen Uncoated Business Cards WaitTillPageReadyState for Product : Linen Uncoated Business Cards <-----> 1st Visit  Timer  : 10663 ms WaitTillPageReadyState for Product : Linen Uncoated Business Cards <-----> 2nd Visit Timer  : 2875 ms  </system-out>
  <testcase classname="com.magento.rough.TestPageInteractiveForProducts" name="productPageInteractive" time="42.015"/>
  <system-out>
Product : Standard Clings: White WaitTillPageReadyState for Product : Standard Clings: White <-----> 1st Visit  Timer  : 11246 ms WaitTillPageReadyState for Product : Standard Clings: White <-----> 2nd Visit Timer  : 1816 ms  </system-out>
  <testcase classname="com.magento.rough.TestPageInteractiveForProducts" name="productPageInteractive" time="42.897"/>
  <system-out>
Product : 16pt Trading Cards WaitTillPageReadyState for Product : 16pt Trading Cards <-----> 1st Visit  Timer  : 12140 ms WaitTillPageReadyState for Product : 16pt Trading Cards <-----> 2nd Visit Timer  : 1885 ms  </system-out>
  <testcase classname="com.magento.rough.TestPageInteractiveForProducts" name="productPageInteractive" time="76.239"/>
  <system-out>
Product : 16PT Postcards WaitTillPageReadyState for Product : 16PT Postcards <-----> 1st Visit  Timer  : 16137 ms WaitTillPageReadyState for Product : 16PT Postcards <-----> 2nd Visit Timer  : 15814 ms  </system-out>
  <testcase classname="com.magento.rough.TestPageInteractiveForProducts" name="productPageInteractive" time="50.344"/>
  <system-out>
Product : 3.5x8.5 Bookmarks WaitTillPageReadyState for Product : 3.5x8.5 Bookmarks <-----> 1st Visit  Timer  : 12032 ms WaitTillPageReadyState for Product : 3.5x8.5 Bookmarks <-----> 2nd Visit Timer  : 3062 ms  </system-out>
  <testcase classname="com.magento.rough.TestPageInteractiveForProducts" name="productPageInteractive" time="42.680"/>
  <system-out>
Product : Round Corner Announcement Cards WaitTillPageReadyState for Product : Round Corner Announcement Cards <-----> 1st Visit  Timer  : 11462 ms WaitTillPageReadyState for Product : Round Corner Announcement Cards <-----> 2nd Visit Timer  : 2564 ms  </system-out>
  <testcase classname="com.magento.rough.TestPageInteractiveForProducts" name="productPageInteractive" time="45.571"/>
  <system-out>
Product : EndurACE Postcards WaitTillPageReadyState for Product : EndurACE Postcards <-----> 1st Visit  Timer  : 10782 ms WaitTillPageReadyState for Product : EndurACE Postcards <-----> 2nd Visit Timer  : 2040 ms  </system-out>
  <testcase classname="com.magento.rough.TestPageInteractiveForProducts" name="productPageInteractive" time="78.150"/>
  <system-out>
Product : Tote Bags WaitTillPageReadyState for Product : Tote Bags <-----> 1st Visit  Timer  : 16748 ms WaitTillPageReadyState for Product : Tote Bags <-----> 2nd Visit Timer  : 11240 ms  </system-out>
  <testcase classname="com.magento.rough.TestPageInteractiveForProducts" name="productPageInteractive" time="43.887"/>
  <system-out>
Product : Foam Core Counter Cards WaitTillPageReadyState for Product : Foam Core Counter Cards <-----> 1st Visit  Timer  : 11758 ms WaitTillPageReadyState for Product : Foam Core Counter Cards <-----> 2nd Visit Timer  : 2761 ms  </system-out>
  <testcase classname="com.magento.rough.TestPageInteractiveForProducts" name="productPageInteractive" time="48.422"/>
  <system-out>
Product : Foil Worx Social Cards WaitTillPageReadyState for Product : Foil Worx Social Cards <-----> 1st Visit  Timer  : 11137 ms WaitTillPageReadyState for Product : Foil Worx Social Cards <-----> 2nd Visit Timer  : 2478 ms  </system-out>
  <testcase classname="com.magento.rough.TestPageInteractiveForProducts" name="productPageInteractive" time="53.702"/>
  <system-out>
Product : Cards with Gift Card Holder (Slits) Greeting Cards WaitTillPageReadyState for Product : Cards with Gift Card Holder (Slits) Greeting Cards <-----> 1st Visit  Timer  : 13895 ms WaitTillPageReadyState for Product : Cards with Gift Card Holder (Slits) Greeting Cards <-----> 2nd Visit Timer  : 3649 ms  </system-out>
  <testcase classname="com.magento.rough.TestPageInteractiveForProducts" name="productPageInteractive" time="46.029"/>
  <system-out>
Product : Magnet Business Cards WaitTillPageReadyState for Product : Magnet Business Cards <-----> 1st Visit  Timer  : 10977 ms WaitTillPageReadyState for Product : Magnet Business Cards <-----> 2nd Visit Timer  : 2463 ms  </system-out>
  <testcase classname="com.magento.rough.TestPageInteractiveForProducts" name="productPageInteractive" time="105.498">
    <failure message="expected [true] but found [false]" type="java.lang.AssertionError">
      <![CDATA[java.lang.AssertionError: expected [true] but found [false]
at org.testng.Assert.fail(Assert.java:99)
at org.testng.Assert.failNotEquals(Assert.java:1037)
at org.testng.Assert.assertTrue(Assert.java:45)
at org.testng.Assert.assertTrue(Assert.java:55)
at com.magento.reusableComponents.CommonUtilities.sendKeys_custom(CommonUtilities.java:45)
at com.magento.pages.BasePage.enterEmail(BasePage.java:80)
at com.magento.pages.BasePage.loginFromHeader(BasePage.java:107)
at com.magento.rough.TestPageInteractiveForProducts.productPageInteractive(TestPageInteractiveForProducts.java:37)
at jdk.internal.reflect.GeneratedMethodAccessor4.invoke(Unknown Source)
at java.base/jdk.internal.reflect.DelegatingMethodAccessorImpl.invoke(DelegatingMethodAccessorImpl.java:43)
at java.base/java.lang.reflect.Method.invoke(Method.java:564)
at org.testng.internal.MethodInvocationHelper.invokeMethod(MethodInvocationHelper.java:132)
at org.testng.internal.TestInvoker.invokeMethod(TestInvoker.java:599)
at org.testng.internal.TestInvoker.invokeTestMethod(TestInvoker.java:174)
at org.testng.internal.MethodRunner.runInSequence(MethodRunner.java:46)
at org.testng.internal.TestInvoker$MethodInvocationAgent.invoke(TestInvoker.java:822)
at org.testng.internal.TestInvoker.invokeTestMethods(TestInvoker.java:147)
at org.testng.internal.TestMethodWorker.invokeTestMethods(TestMethodWorker.java:146)
at org.testng.internal.TestMethodWorker.run(TestMethodWorker.java:128)
at java.base/java.util.ArrayList.forEach(ArrayList.java:1511)
at org.testng.TestRunner.privateRun(TestRunner.java:764)
at org.testng.TestRunner.run(TestRunner.java:585)
at org.testng.SuiteRunner.runTest(SuiteRunner.java:384)
at org.testng.SuiteRunner.access$000(SuiteRunner.java:28)
at org.testng.SuiteRunner$SuiteWorker.run(SuiteRunner.java:425)
at org.testng.internal.thread.ThreadUtil.lambda$execute$0(ThreadUtil.java:66)
at java.base/java.util.concurrent.FutureTask.run(FutureTask.java:264)
at java.base/java.util.concurrent.ThreadPoolExecutor.runWorker(ThreadPoolExecutor.java:1130)
at java.base/java.util.concurrent.ThreadPoolExecutor$Worker.run(ThreadPoolExecutor.java:630)
at java.base/java.lang.Thread.run(Thread.java:832)
]]>
    </failure>
  </testcase> <!-- productPageInteractive -->
  <system-out>
Product : 12x12 Calendars  </system-out>
  <testcase classname="com.magento.rough.TestPageInteractiveForProducts" name="productPageInteractive" time="36.748"/>
  <system-out>
Product : Direct Mail Sell Sheets WaitTillPageReadyState for Product : Direct Mail Sell Sheets <-----> 1st Visit  Timer  : 8429 ms WaitTillPageReadyState for Product : Direct Mail Sell Sheets <-----> 2nd Visit Timer  : 1365 ms  </system-out>
  <testcase classname="com.magento.rough.TestPageInteractiveForProducts" name="productPageInteractive" time="47.582"/>
  <system-out>
Product : Pillow Boxes WaitTillPageReadyState for Product : Pillow Boxes <-----> 1st Visit  Timer  : 11018 ms WaitTillPageReadyState for Product : Pillow Boxes <-----> 2nd Visit Timer  : 2271 ms  </system-out>
  <testcase classname="com.magento.rough.TestPageInteractiveForProducts" name="productPageInteractive" time="50.809"/>
  <system-out>
Product : Luster Postcards WaitTillPageReadyState for Product : Luster Postcards <-----> 1st Visit  Timer  : 10846 ms WaitTillPageReadyState for Product : Luster Postcards <-----> 2nd Visit Timer  : 1992 ms  </system-out>
  <testcase classname="com.magento.rough.TestPageInteractiveForProducts" name="productPageInteractive" time="44.108"/>
  <system-out>
Product : Leaf Business Cards WaitTillPageReadyState for Product : Leaf Business Cards <-----> 1st Visit  Timer  : 11498 ms WaitTillPageReadyState for Product : Leaf Business Cards <-----> 2nd Visit Timer  : 2440 ms  </system-out>
  <testcase classname="com.magento.rough.TestPageInteractiveForProducts" name="productPageInteractive" time="42.226"/>
  <system-out>
Product : Linen Uncoated Letterheads WaitTillPageReadyState for Product : Linen Uncoated Letterheads <-----> 1st Visit  Timer  : 9517 ms WaitTillPageReadyState for Product : Linen Uncoated Letterheads <-----> 2nd Visit Timer  : 2185 ms  </system-out>
  <testcase classname="com.magento.rough.TestPageInteractiveForProducts" name="productPageInteractive" time="46.140"/>
  <system-out>
Product : 1.5x7 Bookmarks WaitTillPageReadyState for Product : 1.5x7 Bookmarks <-----> 1st Visit  Timer  : 12524 ms WaitTillPageReadyState for Product : 1.5x7 Bookmarks <-----> 2nd Visit Timer  : 3409 ms  </system-out>
  <testcase classname="com.magento.rough.TestPageInteractiveForProducts" name="productPageInteractive" time="48.420"/>
  <system-out>
Product : Suede Business Cards WaitTillPageReadyState for Product : Suede Business Cards <-----> 1st Visit  Timer  : 12987 ms WaitTillPageReadyState for Product : Suede Business Cards <-----> 2nd Visit Timer  : 2550 ms  </system-out>
  <testcase classname="com.magento.rough.TestPageInteractiveForProducts" name="productPageInteractive" time="52.182"/>
  <system-out>
Product : 2-part Forms w Variable Numbering WaitTillPageReadyState for Product : 2-part Forms w Variable Numbering <-----> 1st Visit  Timer  : 11829 ms WaitTillPageReadyState for Product : 2-part Forms w Variable Numbering <-----> 2nd Visit Timer  : 3206 ms  </system-out>
  <testcase classname="com.magento.rough.TestPageInteractiveForProducts" name="productPageInteractive" time="50.349"/>
  <system-out>
Product : Painted Edge Business Cards WaitTillPageReadyState for Product : Painted Edge Business Cards <-----> 1st Visit  Timer  : 14897 ms WaitTillPageReadyState for Product : Painted Edge Business Cards <-----> 2nd Visit Timer  : 3919 ms  </system-out>
  <testcase classname="com.magento.rough.TestPageInteractiveForProducts" name="productPageInteractive" time="48.883"/>
  <system-out>
Product : Pearl Bookmarks WaitTillPageReadyState for Product : Pearl Bookmarks <-----> 1st Visit  Timer  : 11580 ms WaitTillPageReadyState for Product : Pearl Bookmarks <-----> 2nd Visit Timer  : 2488 ms  </system-out>
  <testcase classname="com.magento.rough.TestPageInteractiveForProducts" name="productPageInteractive" time="45.622"/>
  <system-out>
Product : Rectangle Stickers WaitTillPageReadyState for Product : Rectangle Stickers <-----> 1st Visit  Timer  : 11009 ms WaitTillPageReadyState for Product : Rectangle Stickers <-----> 2nd Visit Timer  : 1747 ms  </system-out>
  <testcase classname="com.magento.rough.TestPageInteractiveForProducts" name="productPageInteractive" time="54.075"/>
  <system-out>
Product : Painted Edge Business Cards  WaitTillPageReadyState for Product : Painted Edge Business Cards  <-----> 1st Visit  Timer  : 15792 ms WaitTillPageReadyState for Product : Painted Edge Business Cards  <-----> 2nd Visit Timer  : 4246 ms  </system-out>
  <testcase classname="com.magento.rough.TestPageInteractiveForProducts" name="productPageInteractive" time="96.361">
    <failure message="expected [true] but found [false]" type="java.lang.AssertionError">
      <![CDATA[java.lang.AssertionError: expected [true] but found [false]
at org.testng.Assert.fail(Assert.java:99)
at org.testng.Assert.failNotEquals(Assert.java:1037)
at org.testng.Assert.assertTrue(Assert.java:45)
at org.testng.Assert.assertTrue(Assert.java:55)
at com.magento.reusableComponents.CommonUtilities.sendKeys_custom(CommonUtilities.java:45)
at com.magento.pages.BasePage.enterEmail(BasePage.java:80)
at com.magento.pages.BasePage.loginFromHeader(BasePage.java:107)
at com.magento.rough.TestPageInteractiveForProducts.productPageInteractive(TestPageInteractiveForProducts.java:37)
at jdk.internal.reflect.GeneratedMethodAccessor4.invoke(Unknown Source)
at java.base/jdk.internal.reflect.DelegatingMethodAccessorImpl.invoke(DelegatingMethodAccessorImpl.java:43)
at java.base/java.lang.reflect.Method.invoke(Method.java:564)
at org.testng.internal.MethodInvocationHelper.invokeMethod(MethodInvocationHelper.java:132)
at org.testng.internal.TestInvoker.invokeMethod(TestInvoker.java:599)
at org.testng.internal.TestInvoker.invokeTestMethod(TestInvoker.java:174)
at org.testng.internal.MethodRunner.runInSequence(MethodRunner.java:46)
at org.testng.internal.TestInvoker$MethodInvocationAgent.invoke(TestInvoker.java:822)
at org.testng.internal.TestInvoker.invokeTestMethods(TestInvoker.java:147)
at org.testng.internal.TestMethodWorker.invokeTestMethods(TestMethodWorker.java:146)
at org.testng.internal.TestMethodWorker.run(TestMethodWorker.java:128)
at java.base/java.util.ArrayList.forEach(ArrayList.java:1511)
at org.testng.TestRunner.privateRun(TestRunner.java:764)
at org.testng.TestRunner.run(TestRunner.java:585)
at org.testng.SuiteRunner.runTest(SuiteRunner.java:384)
at org.testng.SuiteRunner.access$000(SuiteRunner.java:28)
at org.testng.SuiteRunner$SuiteWorker.run(SuiteRunner.java:425)
at org.testng.internal.thread.ThreadUtil.lambda$execute$0(ThreadUtil.java:66)
at java.base/java.util.concurrent.FutureTask.run(FutureTask.java:264)
at java.base/java.util.concurrent.ThreadPoolExecutor.runWorker(ThreadPoolExecutor.java:1130)
at java.base/java.util.concurrent.ThreadPoolExecutor$Worker.run(ThreadPoolExecutor.java:630)
at java.base/java.lang.Thread.run(Thread.java:832)
]]>
    </failure>
  </testcase> <!-- productPageInteractive -->
  <system-out>
Product : Round Stickers  </system-out>
  <testcase classname="com.magento.rough.TestPageInteractiveForProducts" name="productPageInteractive" time="45.668"/>
  <system-out>
Product : Silk Sell Sheets WaitTillPageReadyState for Product : Silk Sell Sheets <-----> 1st Visit  Timer  : 11001 ms WaitTillPageReadyState for Product : Silk Sell Sheets <-----> 2nd Visit Timer  : 2801 ms  </system-out>
  <testcase classname="com.magento.rough.TestPageInteractiveForProducts" name="productPageInteractive" time="44.555"/>
  <system-out>
Product : EDDM Full Service - Flyers and Brochures WaitTillPageReadyState for Product : EDDM Full Service - Flyers and Brochures <-----> 1st Visit  Timer  : 12370 ms WaitTillPageReadyState for Product : EDDM Full Service - Flyers and Brochures <-----> 2nd Visit Timer  : 1338 ms  </system-out>
  <testcase classname="com.magento.rough.TestPageInteractiveForProducts" name="productPageInteractive" time="51.165"/>
  <system-out>
Product : Brown Kraft Business Cards WaitTillPageReadyState for Product : Brown Kraft Business Cards <-----> 1st Visit  Timer  : 15041 ms WaitTillPageReadyState for Product : Brown Kraft Business Cards <-----> 2nd Visit Timer  : 2053 ms  </system-out>
  <testcase classname="com.magento.rough.TestPageInteractiveForProducts" name="productPageInteractive" time="42.912"/>
  <system-out>
Product : Round Vinyl Floor Graphics WaitTillPageReadyState for Product : Round Vinyl Floor Graphics <-----> 1st Visit  Timer  : 11968 ms WaitTillPageReadyState for Product : Round Vinyl Floor Graphics <-----> 2nd Visit Timer  : 1841 ms  </system-out>
  <testcase classname="com.magento.rough.TestPageInteractiveForProducts" name="productPageInteractive" time="46.402"/>
  <system-out>
Product : 6x9 Presentation Folder WaitTillPageReadyState for Product : 6x9 Presentation Folder <-----> 1st Visit  Timer  : 10710 ms WaitTillPageReadyState for Product : 6x9 Presentation Folder <-----> 2nd Visit Timer  : 2350 ms  </system-out>
  <testcase classname="com.magento.rough.TestPageInteractiveForProducts" name="productPageInteractive" time="85.872">
    <failure message="expected [true] but found [false]" type="java.lang.AssertionError">
      <![CDATA[java.lang.AssertionError: expected [true] but found [false]
at org.testng.Assert.fail(Assert.java:99)
at org.testng.Assert.failNotEquals(Assert.java:1037)
at org.testng.Assert.assertTrue(Assert.java:45)
at org.testng.Assert.assertTrue(Assert.java:55)
at com.magento.reusableComponents.CommonUtilities.sendKeys_custom(CommonUtilities.java:45)
at com.magento.pages.BasePage.enterEmail(BasePage.java:80)
at com.magento.pages.BasePage.loginFromHeader(BasePage.java:107)
at com.magento.rough.TestPageInteractiveForProducts.productPageInteractive(TestPageInteractiveForProducts.java:37)
at jdk.internal.reflect.GeneratedMethodAccessor4.invoke(Unknown Source)
at java.base/jdk.internal.reflect.DelegatingMethodAccessorImpl.invoke(DelegatingMethodAccessorImpl.java:43)
at java.base/java.lang.reflect.Method.invoke(Method.java:564)
at org.testng.internal.MethodInvocationHelper.invokeMethod(MethodInvocationHelper.java:132)
at org.testng.internal.TestInvoker.invokeMethod(TestInvoker.java:599)
at org.testng.internal.TestInvoker.invokeTestMethod(TestInvoker.java:174)
at org.testng.internal.MethodRunner.runInSequence(MethodRunner.java:46)
at org.testng.internal.TestInvoker$MethodInvocationAgent.invoke(TestInvoker.java:822)
at org.testng.internal.TestInvoker.invokeTestMethods(TestInvoker.java:147)
at org.testng.internal.TestMethodWorker.invokeTestMethods(TestMethodWorker.java:146)
at org.testng.internal.TestMethodWorker.run(TestMethodWorker.java:128)
at java.base/java.util.ArrayList.forEach(ArrayList.java:1511)
at org.testng.TestRunner.privateRun(TestRunner.java:764)
at org.testng.TestRunner.run(TestRunner.java:585)
at org.testng.SuiteRunner.runTest(SuiteRunner.java:384)
at org.testng.SuiteRunner.access$000(SuiteRunner.java:28)
at org.testng.SuiteRunner$SuiteWorker.run(SuiteRunner.java:425)
at org.testng.internal.thread.ThreadUtil.lambda$execute$0(ThreadUtil.java:66)
at java.base/java.util.concurrent.FutureTask.run(FutureTask.java:264)
at java.base/java.util.concurrent.ThreadPoolExecutor.runWorker(ThreadPoolExecutor.java:1130)
at java.base/java.util.concurrent.ThreadPoolExecutor$Worker.run(ThreadPoolExecutor.java:630)
at java.base/java.lang.Thread.run(Thread.java:832)
]]>
    </failure>
  </testcase> <!-- productPageInteractive -->
  <system-out>
Product : Direct Mail Postcards  </system-out>
  <testcase classname="com.magento.rough.TestPageInteractiveForProducts" name="productPageInteractive" time="73.114"/>
  <system-out>
Product : White BOPP Roll Labels WaitTillPageReadyState for Product : White BOPP Roll Labels <-----> 1st Visit  Timer  : 19047 ms WaitTillPageReadyState for Product : White BOPP Roll Labels <-----> 2nd Visit Timer  : 19753 ms  </system-out>
  <testcase classname="com.magento.rough.TestPageInteractiveForProducts" name="productPageInteractive" time="47.158"/>
  <system-out>
Product : Eggshell Felt Roll Labels WaitTillPageReadyState for Product : Eggshell Felt Roll Labels <-----> 1st Visit  Timer  : 12796 ms WaitTillPageReadyState for Product : Eggshell Felt Roll Labels <-----> 2nd Visit Timer  : 3262 ms  </system-out>
  <testcase classname="com.magento.rough.TestPageInteractiveForProducts" name="productPageInteractive" time="48.144"/>
  <system-out>
Product : Men's Long Sleeve T-Shirts WaitTillPageReadyState for Product : Men's Long Sleeve T-Shirts <-----> 1st Visit  Timer  : 12784 ms WaitTillPageReadyState for Product : Men's Long Sleeve T-Shirts <-----> 2nd Visit Timer  : 5840 ms  </system-out>
  <testcase classname="com.magento.rough.TestPageInteractiveForProducts" name="productPageInteractive" time="50.659"/>
  <system-out>
Product : Black Edge Announcement Cards WaitTillPageReadyState for Product : Black Edge Announcement Cards <-----> 1st Visit  Timer  : 9679 ms WaitTillPageReadyState for Product : Black Edge Announcement Cards <-----> 2nd Visit Timer  : 3021 ms  </system-out>
  <testcase classname="com.magento.rough.TestPageInteractiveForProducts" name="productPageInteractive" time="51.537"/>
  <system-out>
Product : Mounted Canvas WaitTillPageReadyState for Product : Mounted Canvas <-----> 1st Visit  Timer  : 10092 ms WaitTillPageReadyState for Product : Mounted Canvas <-----> 2nd Visit Timer  : 1818 ms  </system-out>
  <testcase classname="com.magento.rough.TestPageInteractiveForProducts" name="productPageInteractive" time="47.447"/>
  <system-out>
Product : Foil Worx Postcards WaitTillPageReadyState for Product : Foil Worx Postcards <-----> 1st Visit  Timer  : 11857 ms WaitTillPageReadyState for Product : Foil Worx Postcards <-----> 2nd Visit Timer  : 4392 ms  </system-out>
  <testcase classname="com.magento.rough.TestPageInteractiveForProducts" name="productPageInteractive" time="50.595"/>
  <system-out>
Product : EndurACE Menus WaitTillPageReadyState for Product : EndurACE Menus <-----> 1st Visit  Timer  : 10589 ms WaitTillPageReadyState for Product : EndurACE Menus <-----> 2nd Visit Timer  : 1325 ms  </system-out>
  <testcase classname="com.magento.rough.TestPageInteractiveForProducts" name="productPageInteractive" time="52.330"/>
  <system-out>
Product : Leaf Stickers WaitTillPageReadyState for Product : Leaf Stickers <-----> 1st Visit  Timer  : 13491 ms WaitTillPageReadyState for Product : Leaf Stickers <-----> 2nd Visit Timer  : 2549 ms  </system-out>
  <testcase classname="com.magento.rough.TestPageInteractiveForProducts" name="productPageInteractive" time="49.573"/>
  <system-out>
Product : Large Format Product Samples WaitTillPageReadyState for Product : Large Format Product Samples <-----> 1st Visit  Timer  : 13843 ms WaitTillPageReadyState for Product : Large Format Product Samples <-----> 2nd Visit Timer  : 2288 ms  </system-out>
  <testcase classname="com.magento.rough.TestPageInteractiveForProducts" name="productPageInteractive" time="48.344"/>
  <system-out>
Product : Pearl Business Cards WaitTillPageReadyState for Product : Pearl Business Cards <-----> 1st Visit  Timer  : 15163 ms WaitTillPageReadyState for Product : Pearl Business Cards <-----> 2nd Visit Timer  : 2235 ms  </system-out>
  <testcase classname="com.magento.rough.TestPageInteractiveForProducts" name="productPageInteractive" time="65.055"/>
  <system-out>
Product : Kids Long Sleeve T-Shirts WaitTillPageReadyState for Product : Kids Long Sleeve T-Shirts <-----> 1st Visit  Timer  : 29940 ms WaitTillPageReadyState for Product : Kids Long Sleeve T-Shirts <-----> 2nd Visit Timer  : 4385 ms  </system-out>
  <testcase classname="com.magento.rough.TestPageInteractiveForProducts" name="productPageInteractive" time="43.627"/>
  <system-out>
Product : Event Tent hardware WaitTillPageReadyState for Product : Event Tent hardware <-----> 1st Visit  Timer  : 12026 ms WaitTillPageReadyState for Product : Event Tent hardware <-----> 2nd Visit Timer  : 2267 ms  </system-out>
  <testcase classname="com.magento.rough.TestPageInteractiveForProducts" name="productPageInteractive" time="36.719"/>
  <system-out>
Product : Dull Book with Satin AQ Booklets WaitTillPageReadyState for Product : Dull Book with Satin AQ Booklets <-----> 1st Visit  Timer  : 8451 ms WaitTillPageReadyState for Product : Dull Book with Satin AQ Booklets <-----> 2nd Visit Timer  : 1358 ms  </system-out>
  <testcase classname="com.magento.rough.TestPageInteractiveForProducts" name="productPageInteractive" time="44.956"/>
  <system-out>
Product : Men's Short Sleeve T-Shirts WaitTillPageReadyState for Product : Men's Short Sleeve T-Shirts <-----> 1st Visit  Timer  : 10081 ms WaitTillPageReadyState for Product : Men's Short Sleeve T-Shirts <-----> 2nd Visit Timer  : 2074 ms  </system-out>
  <testcase classname="com.magento.rough.TestPageInteractiveForProducts" name="productPageInteractive" time="80.635"/>
  <system-out>
Product : Rectangle Business Cards WaitTillPageReadyState for Product : Rectangle Business Cards <-----> 1st Visit  Timer  : 12937 ms WaitTillPageReadyState for Product : Rectangle Business Cards <-----> 2nd Visit Timer  : 22262 ms  </system-out>
  <testcase classname="com.magento.rough.TestPageInteractiveForProducts" name="productPageInteractive" time="76.079"/>
  <system-out>
Product : Blank Envelopes WaitTillPageReadyState for Product : Blank Envelopes <-----> 1st Visit  Timer  : 9637 ms WaitTillPageReadyState for Product : Blank Envelopes <-----> 2nd Visit Timer  : 2350 ms  </system-out>
  <testcase classname="com.magento.rough.TestPageInteractiveForProducts" name="productPageInteractive" time="46.557"/>
  <system-out>
Product : Sidewalk Signs WaitTillPageReadyState for Product : Sidewalk Signs <-----> 1st Visit  Timer  : 9039 ms WaitTillPageReadyState for Product : Sidewalk Signs <-----> 2nd Visit Timer  : 1728 ms  </system-out>
  <testcase classname="com.magento.rough.TestPageInteractiveForProducts" name="productPageInteractive" time="46.456"/>
  <system-out>
Product : Stakes and Rider Clips WaitTillPageReadyState for Product : Stakes and Rider Clips <-----> 1st Visit  Timer  : 10616 ms WaitTillPageReadyState for Product : Stakes and Rider Clips <-----> 2nd Visit Timer  : 1899 ms  </system-out>
  <testcase classname="com.magento.rough.TestPageInteractiveForProducts" name="productPageInteractive" time="42.978"/>
  <system-out>
Product : Pearl Announcement Cards WaitTillPageReadyState for Product : Pearl Announcement Cards <-----> 1st Visit  Timer  : 12241 ms WaitTillPageReadyState for Product : Pearl Announcement Cards <-----> 2nd Visit Timer  : 1658 ms  </system-out>
  <testcase classname="com.magento.rough.TestPageInteractiveForProducts" name="productPageInteractive" time="46.689"/>
  <system-out>
Product : Suede Hang Tags WaitTillPageReadyState for Product : Suede Hang Tags <-----> 1st Visit  Timer  : 11406 ms WaitTillPageReadyState for Product : Suede Hang Tags <-----> 2nd Visit Timer  : 2141 ms  </system-out>
  <testcase classname="com.magento.rough.TestPageInteractiveForProducts" name="productPageInteractive" time="40.670"/>
  <system-out>
Product : Gloss Book Posters WaitTillPageReadyState for Product : Gloss Book Posters <-----> 1st Visit  Timer  : 10542 ms WaitTillPageReadyState for Product : Gloss Book Posters <-----> 2nd Visit Timer  : 1989 ms  </system-out>
  <testcase classname="com.magento.rough.TestPageInteractiveForProducts" name="productPageInteractive" time="47.124"/>
  <system-out>
Product : Natural Greeting Cards WaitTillPageReadyState for Product : Natural Greeting Cards <-----> 1st Visit  Timer  : 12313 ms WaitTillPageReadyState for Product : Natural Greeting Cards <-----> 2nd Visit Timer  : 2377 ms  </system-out>
  <testcase classname="com.magento.rough.TestPageInteractiveForProducts" name="productPageInteractive" time="43.891"/>
  <system-out>
Product : Silk Announcement Cards WaitTillPageReadyState for Product : Silk Announcement Cards <-----> 1st Visit  Timer  : 11982 ms WaitTillPageReadyState for Product : Silk Announcement Cards <-----> 2nd Visit Timer  : 2235 ms  </system-out>
  <testcase classname="com.magento.rough.TestPageInteractiveForProducts" name="productPageInteractive" time="51.217"/>
  <system-out>
Product : Mugs WaitTillPageReadyState for Product : Mugs <-----> 1st Visit  Timer  : 12935 ms WaitTillPageReadyState for Product : Mugs <-----> 2nd Visit Timer  : 2249 ms  </system-out>
  <testcase classname="com.magento.rough.TestPageInteractiveForProducts" name="productPageInteractive" time="48.716"/>
  <system-out>
Product : Akuafoil Pillow Boxes WaitTillPageReadyState for Product : Akuafoil Pillow Boxes <-----> 1st Visit  Timer  : 10833 ms WaitTillPageReadyState for Product : Akuafoil Pillow Boxes <-----> 2nd Visit Timer  : 2403 ms  </system-out>
  <testcase classname="com.magento.rough.TestPageInteractiveForProducts" name="productPageInteractive" time="44.809"/>
  <system-out>
Product : 2x7 Bookmarks WaitTillPageReadyState for Product : 2x7 Bookmarks <-----> 1st Visit  Timer  : 11052 ms WaitTillPageReadyState for Product : 2x7 Bookmarks <-----> 2nd Visit Timer  : 2138 ms  </system-out>
  <testcase classname="com.magento.rough.TestPageInteractiveForProducts" name="productPageInteractive" time="41.741"/>
  <system-out>
Product : Natural Hang Tags WaitTillPageReadyState for Product : Natural Hang Tags <-----> 1st Visit  Timer  : 9222 ms WaitTillPageReadyState for Product : Natural Hang Tags <-----> 2nd Visit Timer  : 2062 ms  </system-out>
  <testcase classname="com.magento.rough.TestPageInteractiveForProducts" name="productPageInteractive" time="51.068"/>
  <system-out>
Product : Black Edge Postcards WaitTillPageReadyState for Product : Black Edge Postcards <-----> 1st Visit  Timer  : 11625 ms WaitTillPageReadyState for Product : Black Edge Postcards <-----> 2nd Visit Timer  : 2130 ms  </system-out>
  <testcase classname="com.magento.rough.TestPageInteractiveForProducts" name="productPageInteractive" time="57.577"/>
  <system-out>
Product : EndurACE Flyers and Brochures WaitTillPageReadyState for Product : EndurACE Flyers and Brochures <-----> 1st Visit  Timer  : 11389 ms WaitTillPageReadyState for Product : EndurACE Flyers and Brochures <-----> 2nd Visit Timer  : 2693 ms  </system-out>
  <testcase classname="com.magento.rough.TestPageInteractiveForProducts" name="productPageInteractive" time="41.915"/>
  <system-out>
Product : Black Edge Business Cards WaitTillPageReadyState for Product : Black Edge Business Cards <-----> 1st Visit  Timer  : 16198 ms WaitTillPageReadyState for Product : Black Edge Business Cards <-----> 2nd Visit Timer  : 1978 ms  </system-out>
  <testcase classname="com.magento.rough.TestPageInteractiveForProducts" name="productPageInteractive" time="42.005"/>
  <system-out>
Product : Premium Vinyl Banners WaitTillPageReadyState for Product : Premium Vinyl Banners <-----> 1st Visit  Timer  : 10922 ms WaitTillPageReadyState for Product : Premium Vinyl Banners <-----> 2nd Visit Timer  : 2337 ms  </system-out>
</testsuite> <!-- com.magento.rough.TestPageInteractiveForProducts -->
